#
# There is insufficient memory for the Java Runtime Environment to continue.
# Native memory allocation (mmap) failed to map 5242880 bytes. Error detail: G1 virtual space
# Possible reasons:
#   The system is out of physical RAM or swap space
#   This process is running with CompressedOops enabled, and the Java Heap may be blocking the growth of the native heap
# Possible solutions:
#   Reduce memory load on the system
#   Increase physical memory or swap space
#   Check if swap backing store is full
#   Decrease Java heap size (-Xmx/-Xms)
#   Decrease number of Java threads
#   Decrease Java thread stack sizes (-Xss)
#   Set larger code cache with -XX:ReservedCodeCacheSize=
#   JVM is running with Unscaled Compressed Oops mode in which the Java heap is
#     placed in the first 4GB address space. The Java Heap base address is the
#     maximum limit for the native heap growth. Please use -XX:HeapBaseMinAddress
#     to set the Java Heap base and to place the Java Heap above 4GB virtual address.
# This output file may be truncated or incomplete.
#
#  Out of Memory Error (os_windows.cpp:3707), pid=16452, tid=33868
#
# JRE version: OpenJDK Runtime Environment Corretto-23.0.2.7.1 (23.0.2+7) (build 23.0.2+7-FR)
# Java VM: OpenJDK 64-Bit Server VM Corretto-23.0.2.7.1 (23.0.2+7-FR, mixed mode, emulated-client, sharing, tiered, compressed oops, compressed class ptrs, g1 gc, windows-amd64)
# No core dump will be written. Minidumps are not enabled by default on client versions of Windows
#

---------------  S U M M A R Y ------------

Command Line: -XX:TieredStopAtLevel=1 -Dspring.output.ansi.enabled=always -Dcom.sun.management.jmxremote -Dspring.jmx.enabled=true -Dspring.liveBeansView.mbeanDomain -Dspring.application.admin.enabled=true -Dmanagement.endpoints.jmx.exposure.include=* -javaagent:C:\Program Files\JetBrains\IntelliJ IDEA 2025.2\lib\idea_rt.jar=61169 -Dfile.encoding=UTF-8 -Dsun.stdout.encoding=UTF-8 -Dsun.stderr.encoding=UTF-8 co.edu.cue.practicas.PracticasEmpresarialesApplication

Host: AMD Ryzen 5 8645HS w/ Radeon 760M Graphics, 12 cores, 7G,  Windows 11 , 64 bit Build 26100 (10.0.26100.8328)
Time: Thu May 28 21:05:40 2026 Hora est. Pac璗ico, Sudam廨ica elapsed time: 16.895835 seconds (0d 0h 0m 16s)

---------------  T H R E A D  ---------------

Current thread (0x0000026a67ca0e20):  VMThread "VM Thread"          [id=33868, stack(0x000000a89f400000,0x000000a89f500000) (1024K)]

Stack: [0x000000a89f400000,0x000000a89f500000]
Native frames: (J=compiled Java code, j=interpreted, Vv=VM code, C=native code)
V  [jvm.dll+0x6f3b69]  (no source info available)
V  [jvm.dll+0x8e5d05]  (no source info available)
V  [jvm.dll+0x8e7fbe]  (no source info available)
V  [jvm.dll+0x8e86a3]  (no source info available)
V  [jvm.dll+0x285ee6]  (no source info available)
V  [jvm.dll+0x6f03c5]  (no source info available)
V  [jvm.dll+0x6e3dba]  (no source info available)
V  [jvm.dll+0x36a35b]  (no source info available)
V  [jvm.dll+0x372796]  (no source info available)
V  [jvm.dll+0x35ee56]  (no source info available)
V  [jvm.dll+0x35f118]  (no source info available)
V  [jvm.dll+0x336cfc]  (no source info available)
V  [jvm.dll+0x339829]  (no source info available)
V  [jvm.dll+0x344889]  (no source info available)
V  [jvm.dll+0x381595]  (no source info available)
V  [jvm.dll+0x8ee398]  (no source info available)
V  [jvm.dll+0x8ef6a7]  (no source info available)
V  [jvm.dll+0x8efbd8]  (no source info available)
V  [jvm.dll+0x8efe63]  (no source info available)
V  [jvm.dll+0x88b4a8]  (no source info available)
V  [jvm.dll+0x6f23a5]  (no source info available)
C  [ucrtbase.dll+0x37b0]  (no source info available)
C  [KERNEL32.DLL+0x2e957]  (no source info available)
C  [ntdll.dll+0x427c]  (no source info available)

VM_Operation (0x000000a89efff640): G1PauseRemark, mode: safepoint, requested by thread 0x0000026a56e80a00


---------------  P R O C E S S  ---------------

Threads class SMR info:
_java_thread_list=0x0000026a49019ad0, length=26, elements={
0x0000026a54943470, 0x0000026a67cbea80, 0x0000026a67cbf4e0, 0x0000026a67cc01a0,
0x0000026a67cc2220, 0x0000026a67cc2db0, 0x0000026a67cc3810, 0x0000026a67cc6280,
0x0000026a450f74c0, 0x0000026a454fba80, 0x0000026a454fc0f0, 0x0000026a4574b410,
0x0000026a457a8b30, 0x0000026a45828e50, 0x0000026a45890970, 0x0000026a4610c010,
0x0000026a4610f130, 0x0000026a4630f8a0, 0x0000026a463105c0, 0x0000026a4630d7d0,
0x0000026a46310c50, 0x0000026a48265dc0, 0x0000026a48529980, 0x0000026a48d810f0,
0x0000026a48d83ee0, 0x0000026a48d80a60
}

Java Threads: ( => current thread )
  0x0000026a54943470 JavaThread "main"                              [_thread_blocked, id=12468, stack(0x000000a89ed00000,0x000000a89ee00000) (1024K)]
  0x0000026a67cbea80 JavaThread "Reference Handler"          daemon [_thread_blocked, id=872, stack(0x000000a89f500000,0x000000a89f600000) (1024K)]
  0x0000026a67cbf4e0 JavaThread "Finalizer"                  daemon [_thread_blocked, id=18444, stack(0x000000a89f600000,0x000000a89f700000) (1024K)]
  0x0000026a67cc01a0 JavaThread "Signal Dispatcher"          daemon [_thread_blocked, id=29440, stack(0x000000a89f700000,0x000000a89f800000) (1024K)]
  0x0000026a67cc2220 JavaThread "Attach Listener"            daemon [_thread_blocked, id=7528, stack(0x000000a89f800000,0x000000a89f900000) (1024K)]
  0x0000026a67cc2db0 JavaThread "Service Thread"             daemon [_thread_blocked, id=22932, stack(0x000000a89f900000,0x000000a89fa00000) (1024K)]
  0x0000026a67cc3810 JavaThread "Monitor Deflation Thread"   daemon [_thread_blocked, id=3300, stack(0x000000a89fa00000,0x000000a89fb00000) (1024K)]
  0x0000026a67cc6280 JavaThread "C1 CompilerThread0"         daemon [_thread_blocked, id=23272, stack(0x000000a89fb00000,0x000000a89fc00000) (1024K)]
  0x0000026a450f74c0 JavaThread "Common-Cleaner"             daemon [_thread_blocked, id=23216, stack(0x000000a89fc00000,0x000000a89fd00000) (1024K)]
  0x0000026a454fba80 JavaThread "Monitor Ctrl-Break"         daemon [_thread_in_native, id=22064, stack(0x000000a89fd00000,0x000000a89fe00000) (1024K)]
  0x0000026a454fc0f0 JavaThread "Notification Thread"        daemon [_thread_blocked, id=3316, stack(0x000000a89fe00000,0x000000a89ff00000) (1024K)]
  0x0000026a4574b410 JavaThread "RMI TCP Accept-0"           daemon [_thread_in_native, id=11812, stack(0x000000a89ff00000,0x000000a8a0000000) (1024K)]
  0x0000026a457a8b30 JavaThread "RMI TCP Connection(1)-192.168.1.14" daemon [_thread_blocked, id=14120, stack(0x000000a8a0000000,0x000000a8a0100000) (1024K)]
  0x0000026a45828e50 JavaThread "RMI Scheduler(0)"           daemon [_thread_blocked, id=32944, stack(0x000000a8a0100000,0x000000a8a0200000) (1024K)]
  0x0000026a45890970 JavaThread "JMX server connection timeout 26" daemon [_thread_blocked, id=27856, stack(0x000000a8a0200000,0x000000a8a0300000) (1024K)]
  0x0000026a4610c010 JavaThread "Thread-0"                          [_thread_blocked, id=23536, stack(0x000000a8a0c00000,0x000000a8a0d00000) (1024K)]
  0x0000026a4610f130 JavaThread "restartedMain"                     [_thread_blocked, id=21524, stack(0x000000a8a0d00000,0x000000a8a0e00000) (1024K)]
  0x0000026a4630f8a0 JavaThread "RMI TCP Connection(2)-192.168.1.14" daemon [_thread_blocked, id=24056, stack(0x000000a8a0f00000,0x000000a8a1000000) (1024K)]
  0x0000026a463105c0 JavaThread "RMI TCP Connection(3)-192.168.1.14" daemon [_thread_in_native, id=17696, stack(0x000000a8a1300000,0x000000a8a1400000) (1024K)]
  0x0000026a4630d7d0 JavaThread "mysql-cj-abandoned-connection-cleanup" daemon [_thread_blocked, id=17516, stack(0x000000a8a0e00000,0x000000a8a0f00000) (1024K)]
  0x0000026a46310c50 JavaThread "HikariPool-1 housekeeper"   daemon [_thread_blocked, id=13276, stack(0x000000a8a1400000,0x000000a8a1500000) (1024K)]
  0x0000026a48265dc0 JavaThread "C1 CompilerThread1"         daemon [_thread_blocked, id=11328, stack(0x000000a8a1600000,0x000000a8a1700000) (1024K)]
  0x0000026a48529980 JavaThread "C1 CompilerThread2"         daemon [_thread_blocked, id=19700, stack(0x000000a8a1700000,0x000000a8a1800000) (1024K)]
  0x0000026a48d810f0 JavaThread "Catalina-utility-1"                [_thread_blocked, id=27536, stack(0x000000a8a1800000,0x000000a8a1900000) (1024K)]
  0x0000026a48d83ee0 JavaThread "Catalina-utility-2"                [_thread_blocked, id=25288, stack(0x000000a8a1900000,0x000000a8a1a00000) (1024K)]
  0x0000026a48d80a60 JavaThread "container-0"                       [_thread_blocked, id=19376, stack(0x000000a8a1a00000,0x000000a8a1b00000) (1024K)]
Total: 26

Other Threads:
=>0x0000026a67ca0e20 VMThread "VM Thread"                           [id=33868, stack(0x000000a89f400000,0x000000a89f500000) (1024K)]
  0x0000026a67c8de10 WatcherThread "VM Periodic Task Thread"        [id=31844, stack(0x000000a89f300000,0x000000a89f400000) (1024K)]
  0x0000026a56e52e20 WorkerThread "GC Thread#0"                     [id=29740, stack(0x000000a89ee00000,0x000000a89ef00000) (1024K)]
  0x0000026a458fba70 WorkerThread "GC Thread#1"                     [id=1664, stack(0x000000a8a0300000,0x000000a8a0400000) (1024K)]
  0x0000026a459a3d30 WorkerThread "GC Thread#2"                     [id=34720, stack(0x000000a8a0400000,0x000000a8a0500000) (1024K)]
  0x0000026a459a40e0 WorkerThread "GC Thread#3"                     [id=23788, stack(0x000000a8a0500000,0x000000a8a0600000) (1024K)]
  0x0000026a459a8f30 WorkerThread "GC Thread#4"                     [id=16008, stack(0x000000a8a0600000,0x000000a8a0700000) (1024K)]
  0x0000026a459adaa0 WorkerThread "GC Thread#5"                     [id=33408, stack(0x000000a8a0700000,0x000000a8a0800000) (1024K)]
  0x0000026a459ae200 WorkerThread "GC Thread#6"                     [id=3632, stack(0x000000a8a0800000,0x000000a8a0900000) (1024K)]
  0x0000026a459ae960 WorkerThread "GC Thread#7"                     [id=19852, stack(0x000000a8a0900000,0x000000a8a0a00000) (1024K)]
  0x0000026a459ade50 WorkerThread "GC Thread#8"                     [id=25440, stack(0x000000a8a0a00000,0x000000a8a0b00000) (1024K)]
  0x0000026a459ad6f0 WorkerThread "GC Thread#9"                     [id=5240, stack(0x000000a8a0b00000,0x000000a8a0c00000) (1024K)]
  0x0000026a56e80a00 ConcurrentGCThread "G1 Main Marker"            [id=29292, stack(0x000000a89ef00000,0x000000a89f000000) (1024K)]
  0x0000026a56e82970 WorkerThread "G1 Conc#0"                       [id=33788, stack(0x000000a89f000000,0x000000a89f100000) (1024K)]
  0x0000026a462b98e0 WorkerThread "G1 Conc#1"                       [id=12964, stack(0x000000a8a1000000,0x000000a8a1100000) (1024K)]
  0x0000026a462ba3f0 WorkerThread "G1 Conc#2"                       [id=3920, stack(0x000000a8a1100000,0x000000a8a1200000) (1024K)]
  0x0000026a67b55ec0 ConcurrentGCThread "G1 Refine#0"               [id=25316, stack(0x000000a89f100000,0x000000a89f200000) (1024K)]
  0x0000026a67b57700 ConcurrentGCThread "G1 Service"                [id=12620, stack(0x000000a89f200000,0x000000a89f300000) (1024K)]
Total: 18

Threads with active compile tasks:
Total: 0

VM state: at safepoint (normal execution)

VM Mutex/Monitor currently owned by a thread:  ([mutex/lock_event])
[0x00007ffdbd807cd8] Threads_lock - owner thread: 0x0000026a67ca0e20
[0x00007ffdbd807dd8] Heap_lock - owner thread: 0x0000026a56e80a00

Heap address: 0x000000008bc00000, size: 1860 MB, Compressed Oops mode: 32-bit

CDS archive(s) mapped at: [0x0000026a00000000-0x0000026a00d70000-0x0000026a00d70000), size 14090240, SharedBaseAddress: 0x0000026a00000000, ArchiveRelocationMode: 1.
Compressed class space mapped at: 0x0000026a01000000-0x0000026a41000000, reserved size: 1073741824
Narrow klass base: 0x0000026a00000000, Narrow klass shift: 0, Narrow klass range: 0x41000000

GC Precious Log:
 CardTable entry size: 512
 Card Set container configuration: InlinePtr #cards 5 size 8 Array Of Cards #cards 10 size 36 Howl #buckets 4 coarsen threshold 1843 Howl Bitmap #cards 512 size 80 coarsen threshold 460 Card regions per heap region 1 cards per card region 2048
 CPUs: 12 total, 12 available
 Memory: 7439M
 Large Page Support: Disabled
 NUMA Support: Disabled
 Compressed Oops: Enabled (32-bit)
 Heap Region Size: 1M
 Heap Min Capacity: 8M
 Heap Initial Capacity: 118M
 Heap Max Capacity: 1860M
 Pre-touch: Disabled
 Parallel Workers: 10
 Concurrent Workers: 3
 Concurrent Refinement Workers: 10
 Periodic GC: Disabled

Heap:
 garbage-first heap   total reserved 1904640K, committed 61440K, used 39705K [0x000000008bc00000, 0x0000000100000000)
  region size 1024K, 5 young (5120K), 3 survivors (3072K)
 Metaspace       used 70563K, committed 71360K, reserved 1114112K
  class space    used 10555K, committed 10880K, reserved 1048576K

Heap Regions: E=young(eden), S=young(survivor), O=old, HS=humongous(starts), HC=humongous(continues), CS=collection set, F=free, TAMS=top-at-mark-start, PB=parsable bottom
|   0|0x000000008bc00000, 0x000000008bd00000, 0x000000008bd00000|100%|HS|  |TAMS 0x000000008bd00000| PB 0x000000008bc00000| Complete |  0
|   1|0x000000008bd00000, 0x000000008be00000, 0x000000008be00000|100%| O|  |TAMS 0x000000008be00000| PB 0x000000008be00000| Untracked |  0
|   2|0x000000008be00000, 0x000000008bf00000, 0x000000008bf00000|100%| O|  |TAMS 0x000000008bf00000| PB 0x000000008bf00000| Untracked |  0
|   3|0x000000008bf00000, 0x000000008c000000, 0x000000008c000000|100%| O|  |TAMS 0x000000008c000000| PB 0x000000008c000000| Untracked |  0
|   4|0x000000008c000000, 0x000000008c100000, 0x000000008c100000|100%| O|  |TAMS 0x000000008c100000| PB 0x000000008c100000| Untracked |  0
|   5|0x000000008c100000, 0x000000008c200000, 0x000000008c200000|100%| O|  |TAMS 0x000000008c200000| PB 0x000000008c200000| Untracked |  0
|   6|0x000000008c200000, 0x000000008c300000, 0x000000008c300000|100%| O|  |TAMS 0x000000008c300000| PB 0x000000008c300000| Untracked |  0
|   7|0x000000008c300000, 0x000000008c400000, 0x000000008c400000|100%| O|  |TAMS 0x000000008c400000| PB 0x000000008c400000| Untracked |  0
|   8|0x000000008c400000, 0x000000008c500000, 0x000000008c500000|100%| O|  |TAMS 0x000000008c500000| PB 0x000000008c500000| Untracked |  0
|   9|0x000000008c500000, 0x000000008c600000, 0x000000008c600000|100%| O|  |TAMS 0x000000008c600000| PB 0x000000008c600000| Untracked |  0
|  10|0x000000008c600000, 0x000000008c700000, 0x000000008c700000|100%| O|  |TAMS 0x000000008c700000| PB 0x000000008c700000| Untracked |  0
|  11|0x000000008c700000, 0x000000008c800000, 0x000000008c800000|100%| O|  |TAMS 0x000000008c800000| PB 0x000000008c800000| Untracked |  0
|  12|0x000000008c800000, 0x000000008c900000, 0x000000008c900000|100%| O|  |TAMS 0x000000008c900000| PB 0x000000008c900000| Untracked |  0
|  13|0x000000008c900000, 0x000000008ca00000, 0x000000008ca00000|100%| O|  |TAMS 0x000000008ca00000| PB 0x000000008ca00000| Untracked |  0
|  14|0x000000008ca00000, 0x000000008cb00000, 0x000000008cb00000|100%| O|  |TAMS 0x000000008cb00000| PB 0x000000008cb00000| Untracked |  0
|  15|0x000000008cb00000, 0x000000008cc00000, 0x000000008cc00000|100%| O|  |TAMS 0x000000008cc00000| PB 0x000000008cc00000| Untracked |  0
|  16|0x000000008cc00000, 0x000000008cd00000, 0x000000008cd00000|100%| O|  |TAMS 0x000000008cd00000| PB 0x000000008cd00000| Untracked |  0
|  17|0x000000008cd00000, 0x000000008ce00000, 0x000000008ce00000|100%| O|  |TAMS 0x000000008ce00000| PB 0x000000008ce00000| Untracked |  0
|  18|0x000000008ce00000, 0x000000008cf00000, 0x000000008cf00000|100%| O|  |TAMS 0x000000008cf00000| PB 0x000000008cf00000| Untracked |  0
|  19|0x000000008cf00000, 0x000000008d000000, 0x000000008d000000|100%| O|  |TAMS 0x000000008d000000| PB 0x000000008d000000| Untracked |  0
|  20|0x000000008d000000, 0x000000008d100000, 0x000000008d100000|100%| O|Cm|TAMS 0x000000008d100000| PB 0x000000008d100000| Updating |  0
|  21|0x000000008d100000, 0x000000008d200000, 0x000000008d200000|100%| O|  |TAMS 0x000000008d200000| PB 0x000000008d200000| Untracked |  0
|  22|0x000000008d200000, 0x000000008d300000, 0x000000008d300000|100%| O|  |TAMS 0x000000008d300000| PB 0x000000008d300000| Untracked |  0
|  23|0x000000008d300000, 0x000000008d400000, 0x000000008d400000|100%| O|  |TAMS 0x000000008d400000| PB 0x000000008d400000| Untracked |  0
|  24|0x000000008d400000, 0x000000008d500000, 0x000000008d500000|100%| O|  |TAMS 0x000000008d500000| PB 0x000000008d500000| Untracked |  0
|  25|0x000000008d500000, 0x000000008d600000, 0x000000008d600000|100%| O|  |TAMS 0x000000008d600000| PB 0x000000008d600000| Untracked |  0
|  26|0x000000008d600000, 0x000000008d700000, 0x000000008d700000|100%| O|  |TAMS 0x000000008d700000| PB 0x000000008d700000| Untracked |  0
|  27|0x000000008d700000, 0x000000008d800000, 0x000000008d800000|100%| O|  |TAMS 0x000000008d800000| PB 0x000000008d800000| Untracked |  0
|  28|0x000000008d800000, 0x000000008d900000, 0x000000008d900000|100%| O|  |TAMS 0x000000008d900000| PB 0x000000008d900000| Untracked |  0
|  29|0x000000008d900000, 0x000000008da00000, 0x000000008da00000|100%| O|  |TAMS 0x000000008da00000| PB 0x000000008da00000| Untracked |  0
|  30|0x000000008da00000, 0x000000008da00000, 0x000000008db00000|  0%| F|  |TAMS 0x000000008da00000| PB 0x000000008da00000| Untracked |  0
|  31|0x000000008db00000, 0x000000008dc00000, 0x000000008dc00000|100%| O|  |TAMS 0x000000008dc00000| PB 0x000000008dc00000| Untracked |  0
|  32|0x000000008dc00000, 0x000000008dd00000, 0x000000008dd00000|100%| O|  |TAMS 0x000000008dd00000| PB 0x000000008dd00000| Untracked |  0
|  33|0x000000008dd00000, 0x000000008de00000, 0x000000008de00000|100%| O|  |TAMS 0x000000008de00000| PB 0x000000008de00000| Untracked |  0
|  34|0x000000008de00000, 0x000000008df00000, 0x000000008df00000|100%| O|  |TAMS 0x000000008df00000| PB 0x000000008df00000| Untracked |  0
|  35|0x000000008df00000, 0x000000008e000000, 0x000000008e000000|100%| O|  |TAMS 0x000000008e000000| PB 0x000000008e000000| Untracked |  0
|  36|0x000000008e000000, 0x000000008e023c00, 0x000000008e100000| 13%| O|  |TAMS 0x000000008e023c00| PB 0x000000008e023c00| Untracked |  0
|  37|0x000000008e100000, 0x000000008e100000, 0x000000008e200000|  0%| F|  |TAMS 0x000000008e100000| PB 0x000000008e100000| Untracked |  0
|  38|0x000000008e200000, 0x000000008e200000, 0x000000008e300000|  0%| F|  |TAMS 0x000000008e200000| PB 0x000000008e200000| Untracked |  0
|  39|0x000000008e300000, 0x000000008e300000, 0x000000008e400000|  0%| F|  |TAMS 0x000000008e300000| PB 0x000000008e300000| Untracked |  0
|  40|0x000000008e400000, 0x000000008e4a2a30, 0x000000008e500000| 63%| S|CS|TAMS 0x000000008e400000| PB 0x000000008e400000| Complete |  0
|  41|0x000000008e500000, 0x000000008e600000, 0x000000008e600000|100%| S|CS|TAMS 0x000000008e500000| PB 0x000000008e500000| Complete |  0
|  42|0x000000008e600000, 0x000000008e700000, 0x000000008e700000|100%| S|CS|TAMS 0x000000008e600000| PB 0x000000008e600000| Complete |  0
|  43|0x000000008e700000, 0x000000008e700000, 0x000000008e800000|  0%| F|  |TAMS 0x000000008e700000| PB 0x000000008e700000| Untracked |  0
|  44|0x000000008e800000, 0x000000008e800000, 0x000000008e900000|  0%| F|  |TAMS 0x000000008e800000| PB 0x000000008e800000| Untracked |  0
|  45|0x000000008e900000, 0x000000008e900000, 0x000000008ea00000|  0%| F|  |TAMS 0x000000008e900000| PB 0x000000008e900000| Untracked |  0
|  46|0x000000008ea00000, 0x000000008ea00000, 0x000000008eb00000|  0%| F|  |TAMS 0x000000008ea00000| PB 0x000000008ea00000| Untracked |  0
|  47|0x000000008eb00000, 0x000000008eb00000, 0x000000008ec00000|  0%| F|  |TAMS 0x000000008eb00000| PB 0x000000008eb00000| Untracked |  0
|  48|0x000000008ec00000, 0x000000008ec00000, 0x000000008ed00000|  0%| F|  |TAMS 0x000000008ec00000| PB 0x000000008ec00000| Untracked |  0
|  49|0x000000008ed00000, 0x000000008ed00000, 0x000000008ee00000|  0%| F|  |TAMS 0x000000008ed00000| PB 0x000000008ed00000| Untracked |  0
|  50|0x000000008ee00000, 0x000000008ee00000, 0x000000008ef00000|  0%| F|  |TAMS 0x000000008ee00000| PB 0x000000008ee00000| Untracked |  0
|  51|0x000000008ef00000, 0x000000008ef00000, 0x000000008f000000|  0%| F|  |TAMS 0x000000008ef00000| PB 0x000000008ef00000| Untracked |  0
|  52|0x000000008f000000, 0x000000008f000000, 0x000000008f100000|  0%| F|  |TAMS 0x000000008f000000| PB 0x000000008f000000| Untracked |  0
|  65|0x000000008fd00000, 0x000000008fd00000, 0x000000008fe00000|  0%| F|  |TAMS 0x000000008fd00000| PB 0x000000008fd00000| Untracked |  0
|  66|0x000000008fe00000, 0x000000008fe00000, 0x000000008ff00000|  0%| F|  |TAMS 0x000000008fe00000| PB 0x000000008fe00000| Untracked |  0
|  67|0x000000008ff00000, 0x000000008ff00000, 0x0000000090000000|  0%| F|  |TAMS 0x000000008ff00000| PB 0x000000008ff00000| Untracked |  0
|  68|0x0000000090000000, 0x0000000090000000, 0x0000000090100000|  0%| F|  |TAMS 0x0000000090000000| PB 0x0000000090000000| Untracked |  0
|  69|0x0000000090100000, 0x0000000090100000, 0x0000000090200000|  0%| F|  |TAMS 0x0000000090100000| PB 0x0000000090100000| Untracked |  0
| 116|0x0000000093000000, 0x00000000930f40c8, 0x0000000093100000| 95%| E|  |TAMS 0x0000000093000000| PB 0x0000000093000000| Complete |  0
| 117|0x0000000093100000, 0x0000000093200000, 0x0000000093200000|100%| E|CS|TAMS 0x0000000093100000| PB 0x0000000093100000| Complete |  0

Card table byte_map: [0x0000026a62f80000,0x0000026a63330000] _byte_map_base: 0x0000026a62b22000

Marking Bits: (CMBitMap*) 0x0000026a56e53340
 Bits: [0x0000026a63330000, 0x0000026a65040000)

Polling page: 0x0000026a548e0000

Metaspace:

Usage:
  Non-class:     58.60 MB used.
      Class:     10.31 MB used.
       Both:     68.91 MB used.

Virtual space:
  Non-class space:       64.00 MB reserved,      59.06 MB ( 92%) committed,  1 nodes.
      Class space:        1.00 GB reserved,      10.62 MB (  1%) committed,  1 nodes.
             Both:        1.06 GB reserved,      69.69 MB (  6%) committed. 

Chunk freelists:
   Non-Class:  4.30 MB
       Class:  5.38 MB
        Both:  9.68 MB

MaxMetaspaceSize: unlimited
CompressedClassSpaceSize: 1.00 GB
Initial GC threshold: 21.00 MB
Current GC threshold: 114.19 MB
CDS: on
 - commit_granule_bytes: 65536.
 - commit_granule_words: 8192.
 - virtual_space_node_default_size: 8388608.
 - enlarge_chunks_in_place: 1.
 - use_allocation_guard: 0.


Internal statistics:

num_allocs_failed_limit: 6.
num_arena_births: 980.
num_arena_deaths: 0.
num_vsnodes_births: 2.
num_vsnodes_deaths: 0.
num_space_committed: 1115.
num_space_uncommitted: 0.
num_chunks_returned_to_freelist: 6.
num_chunks_taken_from_freelist: 3445.
num_chunk_merges: 6.
num_chunk_splits: 2555.
num_chunks_enlarged: 2004.
num_inconsistent_stats: 0.

CodeCache: size=49152Kb used=12077Kb max_used=12247Kb free=37074Kb
 bounds [0x0000026a5f780000, 0x0000026a60380000, 0x0000026a62780000]
 total_blobs=8380, nmethods=7641, adapters=661, full_count=0
Compilation: enabled, stopped_count=0, restarted_count=0

Compilation events (20 events):
Event: 14.856 Thread 0x0000026a67cc6280 8357       1       java.lang.String::matches (6 bytes)
Event: 14.856 Thread 0x0000026a48529980 8358       1       java.util.regex.Pattern::matches (16 bytes)
Event: 14.857 Thread 0x0000026a67cc6280 nmethod 8357 0x0000026a5fbf6b08 code [0x0000026a5fbf6c40, 0x0000026a5fbf6e00]
Event: 14.857 Thread 0x0000026a48529980 nmethod 8358 0x0000026a5fb46608 code [0x0000026a5fb46740, 0x0000026a5fb468e0]
Event: 14.857 Thread 0x0000026a48529980 8359       1       sun.reflect.generics.repository.ConstructorRepository::parse (6 bytes)
Event: 14.857 Thread 0x0000026a67cc6280 8360       1       sun.reflect.generics.repository.ConstructorRepository::parse (8 bytes)
Event: 14.857 Thread 0x0000026a48265dc0 8361       1       sun.reflect.generics.parser.SignatureParser::parseMethodSig (10 bytes)
Event: 14.857 Thread 0x0000026a48265dc0 nmethod 8361 0x0000026a5fb48808 code [0x0000026a5fb48920, 0x0000026a5fb48a60]
Event: 14.857 Thread 0x0000026a48529980 nmethod 8359 0x0000026a5fb4e488 code [0x0000026a5fb4e5a0, 0x0000026a5fb4e738]
Event: 14.857 Thread 0x0000026a67cc6280 nmethod 8360 0x0000026a5fb57e08 code [0x0000026a5fb57f20, 0x0000026a5fb580a8]
Event: 14.857 Thread 0x0000026a67cc6280 8362       1       org.hibernate.internal.SessionFactoryImpl::validateNotClosed (21 bytes)
Event: 14.858 Thread 0x0000026a67cc6280 nmethod 8362 0x0000026a5fb5ce88 code [0x0000026a5fb5cfa0, 0x0000026a5fb5d110]
Event: 14.858 Thread 0x0000026a67cc6280 8363       1       org.springframework.aop.support.AopUtils::isEqualsMethod (5 bytes)
Event: 14.858 Thread 0x0000026a48529980 8364       1       org.springframework.util.ReflectionUtils::isEqualsMethod (42 bytes)
Event: 14.858 Thread 0x0000026a48265dc0 8365       1       org.springframework.aop.support.AopUtils::isHashCodeMethod (5 bytes)
Event: 14.858 Thread 0x0000026a67cc6280 nmethod 8363 0x0000026a5fb65308 code [0x0000026a5fb65420, 0x0000026a5fb654e0]
Event: 14.858 Thread 0x0000026a67cc6280 8366       1       org.springframework.util.ReflectionUtils::isHashCodeMethod (30 bytes)
Event: 14.858 Thread 0x0000026a48265dc0 nmethod 8365 0x0000026a5fb69508 code [0x0000026a5fb69620, 0x0000026a5fb69738]
Event: 14.858 Thread 0x0000026a67cc6280 nmethod 8366 0x0000026a5fb6b008 code [0x0000026a5fb6b120, 0x0000026a5fb6b238]
Event: 14.859 Thread 0x0000026a48529980 nmethod 8364 0x0000026a5fc16788 code [0x0000026a5fc168c0, 0x0000026a5fc16a90]

GC Heap History (20 events):
Event: 11.759 GC heap before
{Heap before GC invocations=22 (full 0):
 garbage-first heap   total reserved 1904640K, committed 51200K, used 44830K [0x000000008bc00000, 0x0000000100000000)
  region size 1024K, 16 young (16384K), 2 survivors (2048K)
 Metaspace       used 58354K, committed 59072K, reserved 1114112K
  class space    used 8531K, committed 8832K, reserved 1048576K
}
Event: 11.761 GC heap after
{Heap after GC invocations=23 (full 0):
 garbage-first heap   total reserved 1904640K, committed 51200K, used 30899K [0x000000008bc00000, 0x0000000100000000)
  region size 1024K, 2 young (2048K), 2 survivors (2048K)
 Metaspace       used 58354K, committed 59072K, reserved 1114112K
  class space    used 8531K, committed 8832K, reserved 1048576K
}
Event: 12.261 GC heap before
{Heap before GC invocations=24 (full 0):
 garbage-first heap   total reserved 1904640K, committed 53248K, used 44211K [0x000000008bc00000, 0x0000000100000000)
  region size 1024K, 15 young (15360K), 2 survivors (2048K)
 Metaspace       used 61310K, committed 62080K, reserved 1114112K
  class space    used 9026K, committed 9344K, reserved 1048576K
}
Event: 12.264 GC heap after
{Heap after GC invocations=25 (full 0):
 garbage-first heap   total reserved 1904640K, committed 53248K, used 31667K [0x000000008bc00000, 0x0000000100000000)
  region size 1024K, 2 young (2048K), 2 survivors (2048K)
 Metaspace       used 61310K, committed 62080K, reserved 1114112K
  class space    used 9026K, committed 9344K, reserved 1048576K
}
Event: 12.895 GC heap before
{Heap before GC invocations=25 (full 0):
 garbage-first heap   total reserved 1904640K, committed 53248K, used 46003K [0x000000008bc00000, 0x0000000100000000)
  region size 1024K, 16 young (16384K), 2 survivors (2048K)
 Metaspace       used 62575K, committed 63296K, reserved 1114112K
  class space    used 9168K, committed 9472K, reserved 1048576K
}
Event: 12.899 GC heap after
{Heap after GC invocations=26 (full 0):
 garbage-first heap   total reserved 1904640K, committed 53248K, used 32252K [0x000000008bc00000, 0x0000000100000000)
  region size 1024K, 2 young (2048K), 2 survivors (2048K)
 Metaspace       used 62575K, committed 63296K, reserved 1114112K
  class space    used 9168K, committed 9472K, reserved 1048576K
}
Event: 13.310 GC heap before
{Heap before GC invocations=26 (full 0):
 garbage-first heap   total reserved 1904640K, committed 53248K, used 46588K [0x000000008bc00000, 0x0000000100000000)
  region size 1024K, 16 young (16384K), 2 survivors (2048K)
 Metaspace       used 64966K, committed 65728K, reserved 1114112K
  class space    used 9510K, committed 9792K, reserved 1048576K
}
Event: 13.314 GC heap after
{Heap after GC invocations=27 (full 0):
 garbage-first heap   total reserved 1904640K, committed 53248K, used 33619K [0x000000008bc00000, 0x0000000100000000)
  region size 1024K, 2 young (2048K), 2 survivors (2048K)
 Metaspace       used 64966K, committed 65728K, reserved 1114112K
  class space    used 9510K, committed 9792K, reserved 1048576K
}
Event: 13.786 GC heap before
{Heap before GC invocations=28 (full 0):
 garbage-first heap   total reserved 1904640K, committed 56320K, used 45907K [0x000000008bc00000, 0x0000000100000000)
  region size 1024K, 15 young (15360K), 2 survivors (2048K)
 Metaspace       used 66947K, committed 67712K, reserved 1114112K
  class space    used 9883K, committed 10176K, reserved 1048576K
}
Event: 13.789 GC heap after
{Heap after GC invocations=29 (full 0):
 garbage-first heap   total reserved 1904640K, committed 56320K, used 34843K [0x000000008bc00000, 0x0000000100000000)
  region size 1024K, 2 young (2048K), 2 survivors (2048K)
 Metaspace       used 66947K, committed 67712K, reserved 1114112K
  class space    used 9883K, committed 10176K, reserved 1048576K
}
Event: 14.020 GC heap before
{Heap before GC invocations=29 (full 0):
 garbage-first heap   total reserved 1904640K, committed 56320K, used 49179K [0x000000008bc00000, 0x0000000100000000)
  region size 1024K, 16 young (16384K), 2 survivors (2048K)
 Metaspace       used 68030K, committed 68800K, reserved 1114112K
  class space    used 10198K, committed 10496K, reserved 1048576K
}
Event: 14.022 GC heap after
{Heap after GC invocations=30 (full 0):
 garbage-first heap   total reserved 1904640K, committed 56320K, used 35920K [0x000000008bc00000, 0x0000000100000000)
  region size 1024K, 2 young (2048K), 2 survivors (2048K)
 Metaspace       used 68030K, committed 68800K, reserved 1114112K
  class space    used 10198K, committed 10496K, reserved 1048576K
}
Event: 14.202 GC heap before
{Heap before GC invocations=30 (full 0):
 garbage-first heap   total reserved 1904640K, committed 56320K, used 48208K [0x000000008bc00000, 0x0000000100000000)
  region size 1024K, 15 young (15360K), 2 survivors (2048K)
 Metaspace       used 69405K, committed 70144K, reserved 1114112K
  class space    used 10379K, committed 10688K, reserved 1048576K
}
Event: 14.204 GC heap after
{Heap after GC invocations=31 (full 0):
 garbage-first heap   total reserved 1904640K, committed 56320K, used 36258K [0x000000008bc00000, 0x0000000100000000)
  region size 1024K, 1 young (1024K), 1 survivors (1024K)
 Metaspace       used 69405K, committed 70144K, reserved 1114112K
  class space    used 10379K, committed 10688K, reserved 1048576K
}
Event: 14.484 GC heap before
{Heap before GC invocations=32 (full 0):
 garbage-first heap   total reserved 1904640K, committed 61440K, used 51618K [0x000000008bc00000, 0x0000000100000000)
  region size 1024K, 16 young (16384K), 1 survivors (1024K)
 Metaspace       used 69752K, committed 70528K, reserved 1114112K
  class space    used 10435K, committed 10752K, reserved 1048576K
}
Event: 14.486 GC heap after
{Heap after GC invocations=33 (full 0):
 garbage-first heap   total reserved 1904640K, committed 61440K, used 37565K [0x000000008bc00000, 0x0000000100000000)
  region size 1024K, 2 young (2048K), 2 survivors (2048K)
 Metaspace       used 69752K, committed 70528K, reserved 1114112K
  class space    used 10435K, committed 10752K, reserved 1048576K
}
Event: 14.526 GC heap before
{Heap before GC invocations=33 (full 0):
 garbage-first heap   total reserved 1904640K, committed 61440K, used 55997K [0x000000008bc00000, 0x0000000100000000)
  region size 1024K, 20 young (20480K), 2 survivors (2048K)
 Metaspace       used 69753K, committed 70528K, reserved 1114112K
  class space    used 10435K, committed 10752K, reserved 1048576K
}
Event: 14.529 GC heap after
{Heap after GC invocations=34 (full 0):
 garbage-first heap   total reserved 1904640K, committed 61440K, used 37685K [0x000000008bc00000, 0x0000000100000000)
  region size 1024K, 2 young (2048K), 2 survivors (2048K)
 Metaspace       used 69753K, committed 70528K, reserved 1114112K
  class space    used 10435K, committed 10752K, reserved 1048576K
}
Event: 14.839 GC heap before
{Heap before GC invocations=34 (full 0):
 garbage-first heap   total reserved 1904640K, committed 61440K, used 55093K [0x000000008bc00000, 0x0000000100000000)
  region size 1024K, 19 young (19456K), 2 survivors (2048K)
 Metaspace       used 70530K, committed 71296K, reserved 1114112K
  class space    used 10552K, committed 10880K, reserved 1048576K
}
Event: 14.842 GC heap after
{Heap after GC invocations=35 (full 0):
 garbage-first heap   total reserved 1904640K, committed 61440K, used 38681K [0x000000008bc00000, 0x0000000100000000)
  region size 1024K, 3 young (3072K), 3 survivors (3072K)
 Metaspace       used 70530K, committed 71296K, reserved 1114112K
  class space    used 10552K, committed 10880K, reserved 1048576K
}

Dll operation events (12 events):
Event: 0.032 Loaded shared library C:\Users\maho4\.jdks\corretto-23.0.2\bin\java.dll
Event: 0.334 Loaded shared library C:\Users\maho4\.jdks\corretto-23.0.2\bin\zip.dll
Event: 0.341 Loaded shared library C:\Users\maho4\.jdks\corretto-23.0.2\bin\instrument.dll
Event: 0.353 Loaded shared library C:\Users\maho4\.jdks\corretto-23.0.2\bin\net.dll
Event: 0.356 Loaded shared library C:\Users\maho4\.jdks\corretto-23.0.2\bin\nio.dll
Event: 0.362 Loaded shared library C:\Users\maho4\.jdks\corretto-23.0.2\bin\zip.dll
Event: 0.749 Loaded shared library C:\Users\maho4\.jdks\corretto-23.0.2\bin\jimage.dll
Event: 0.754 Loaded shared library C:\Users\maho4\.jdks\corretto-23.0.2\bin\extnet.dll
Event: 0.853 Loaded shared library C:\Users\maho4\.jdks\corretto-23.0.2\bin\management.dll
Event: 0.906 Loaded shared library C:\Users\maho4\.jdks\corretto-23.0.2\bin\management_ext.dll
Event: 3.936 Loaded shared library C:\Users\maho4\.jdks\corretto-23.0.2\bin\sunmscapi.dll
Event: 8.306 Loaded shared library C:\Users\maho4\.jdks\corretto-23.0.2\bin\verify.dll

Deoptimization events (6 events):
Event: 6.813 Thread 0x0000026a4610f130 DEOPT PACKING pc=0x0000026a5fe4353c sp=0x000000a8a0dfb710
Event: 6.813 Thread 0x0000026a4610f130 DEOPT UNPACKING pc=0x0000026a5f7d84c2 sp=0x000000a8a0dfacb8 mode 0
Event: 13.110 Thread 0x0000026a4610f130 DEOPT PACKING pc=0x0000026a5fc26294 sp=0x000000a8a0dfae70
Event: 13.110 Thread 0x0000026a4610f130 DEOPT UNPACKING pc=0x0000026a5f7d84c2 sp=0x000000a8a0dfa3c8 mode 0
Event: 14.201 Thread 0x0000026a4610f130 DEOPT PACKING pc=0x0000026a5fbc57d1 sp=0x000000a8a0dfb1c0
Event: 14.201 Thread 0x0000026a4610f130 DEOPT UNPACKING pc=0x0000026a5f7d84c2 sp=0x000000a8a0dfa6c8 mode 3

Classes loaded (20 events):
Event: 14.744 Loading class java/net/URL$1
Event: 14.744 Loading class java/net/URL$1 done
Event: 14.744 Loading class java/net/spi/URLStreamHandlerProvider
Event: 14.745 Loading class java/net/spi/URLStreamHandlerProvider done
Event: 14.745 Loading class sun/net/www/protocol/http/Handler
Event: 14.746 Loading class sun/net/www/protocol/http/Handler done
Event: 14.747 Loading class javax/crypto/JceSecurity$WeakIdentityWrapper
Event: 14.747 Loading class javax/crypto/JceSecurity$WeakIdentityWrapper done
Event: 14.747 Loading class javax/crypto/JceSecurity$2
Event: 14.748 Loading class javax/crypto/JceSecurity$2 done
Event: 14.748 Loading class javax/crypto/JceSecurity$3
Event: 14.748 Loading class javax/crypto/JceSecurity$3 done
Event: 14.748 Loading class javax/crypto/ProviderVerifier
Event: 14.748 Loading class javax/crypto/ProviderVerifier done
Event: 14.748 Loading class com/sun/crypto/provider/PBKDF2Core$HmacSHA256
Event: 14.749 Loading class com/sun/crypto/provider/PBKDF2Core
Event: 14.749 Loading class javax/crypto/SecretKeyFactorySpi
Event: 14.749 Loading class javax/crypto/SecretKeyFactorySpi done
Event: 14.749 Loading class com/sun/crypto/provider/PBKDF2Core done
Event: 14.749 Loading class com/sun/crypto/provider/PBKDF2Core$HmacSHA256 done

Classes unloaded (0 events):
No events

Classes redefined (0 events):
No events

Internal exceptions (20 events):
Event: 11.987 Thread 0x0000026a4610f130 Exception <a 'java/lang/NoSuchMethodError'{0x000000008fe826b0}: 'int java.lang.invoke.DirectMethodHandle$Holder.invokeSpecial(java.lang.Object, java.lang.Object, int, java.lang.Object)'> (0x000000008fe826b0) 
thrown [s\src\hotspot\share\interpreter\linkResolver.cpp, line 796]
Event: 11.987 Thread 0x0000026a4610f130 Exception <a 'java/lang/NoSuchMethodError'{0x000000008fe8b9b0}: 'int java.lang.invoke.DirectMethodHandle$Holder.invokeStatic(java.lang.Object, int, java.lang.Object)'> (0x000000008fe8b9b0) 
thrown [s\src\hotspot\share\interpreter\linkResolver.cpp, line 796]
Event: 11.990 Thread 0x0000026a4610f130 Exception <a 'java/lang/NoSuchMethodError'{0x000000008fea88c0}: 'java.lang.Object java.lang.invoke.DirectMethodHandle$Holder.newInvokeSpecial(java.lang.Object, java.lang.Object, java.lang.Object, java.lang.Object, java.lang.Object, int, java.lang.Object)'> (0x000000008fea88c0) 
thrown [s\src\hotspot\share\interpreter\linkResolver.cpp, line 796]
Event: 11.995 Thread 0x0000026a4610f130 Exception <a 'java/lang/NoSuchMethodError'{0x000000008fedec88}: 'java.lang.Object java.lang.invoke.DirectMethodHandle$Holder.newInvokeSpecial(java.lang.Object, java.lang.Object, java.lang.Object, java.lang.Object, java.lang.Object, java.lang.Object, java.lang.Object, java.lang.Object, java.lang.Object, java.lang.Object, java.lang.Object, java.lang.Object)'> (0x000000008fedec88) 
thrown [s\src\hotspot\share\interpreter\linkResolver.cpp, line 796]
Event: 11.996 Thread 0x0000026a4610f130 Exception <a 'java/lang/NoSuchMethodError'{0x000000008fee8488}: 'java.lang.Object java.lang.invoke.Invokers$Holder.linkToTargetMethod(java.lang.Object, java.lang.Object, java.lang.Object, java.lang.Object, java.lang.Object, java.lang.Object, java.lang.Object, java.lang.Object, java.lang.Object, java.lang.Object, java.lang.Object, java.lang.Object)'> (0x000000008fee8488) 
thrown [s\src\hotspot\share\interpreter\linkResolver.cpp, line 796]
Event: 12.052 Thread 0x0000026a4610f130 Exception <a 'java/lang/IncompatibleClassChangeError'{0x000000008e8b9988}: Found class java.lang.Object, but interface was expected> (0x000000008e8b9988) 
thrown [s\src\hotspot\share\interpreter\linkResolver.cpp, line 863]
Event: 12.074 Thread 0x0000026a4610f130 Exception <a 'java/lang/NoSuchMethodError'{0x000000008e73a000}: 'java.lang.Object java.lang.invoke.DirectMethodHandle$Holder.newInvokeSpecial(java.lang.Object, java.lang.Object, int, java.lang.Object, int, java.lang.Object, java.lang.Object)'> (0x000000008e73a000) 
thrown [s\src\hotspot\share\interpreter\linkResolver.cpp, line 796]
Event: 12.083 Thread 0x0000026a4610f130 Exception <a 'java/lang/NoSuchMethodError'{0x000000008e7863d0}: 'java.lang.Object java.lang.invoke.DirectMethodHandle$Holder.newInvokeSpecial(java.lang.Object, java.lang.Object, java.lang.Object, java.lang.Object, java.lang.Object, java.lang.Object, java.lang.Object, int)'> (0x000000008e7863d0) 
thrown [s\src\hotspot\share\interpreter\linkResolver.cpp, line 796]
Event: 12.083 Thread 0x0000026a4610f130 Exception <a 'java/lang/NoSuchMethodError'{0x000000008e78b238}: 'java.lang.Object java.lang.invoke.DirectMethodHandle$Holder.invokeSpecial(java.lang.Object, java.lang.Object, java.lang.Object, java.lang.Object, java.lang.Object, java.lang.Object, java.lang.Object, java.lang.Object, int)'> (0x000000008e78b238) 
thrown [s\src\hotspot\share\interpreter\linkResolver.cpp, line 796]
Event: 12.084 Thread 0x0000026a4610f130 Exception <a 'java/lang/NoSuchMethodError'{0x000000008e78fa88}: 'java.lang.Object java.lang.invoke.Invokers$Holder.linkToTargetMethod(java.lang.Object, java.lang.Object, java.lang.Object, java.lang.Object, java.lang.Object, java.lang.Object, int, java.lang.Object)'> (0x000000008e78fa88) 
thrown [s\src\hotspot\share\interpreter\linkResolver.cpp, line 796]
Event: 12.703 Thread 0x0000026a4610f130 Exception <a 'java/lang/NoSuchMethodError'{0x000000009004a7b8}: 'java.lang.Object java.lang.invoke.DirectMethodHandle$Holder.invokeSpecial(java.lang.Object, java.lang.Object, int, java.lang.Object, int)'> (0x000000009004a7b8) 
thrown [s\src\hotspot\share\interpreter\linkResolver.cpp, line 796]
Event: 12.841 Thread 0x0000026a4610f130 Exception <a 'java/lang/IncompatibleClassChangeError'{0x000000008e532960}: Found class java.lang.Object, but interface was expected> (0x000000008e532960) 
thrown [s\src\hotspot\share\interpreter\linkResolver.cpp, line 863]
Event: 12.873 Thread 0x0000026a4610f130 Exception <a 'java/lang/IncompatibleClassChangeError'{0x000000008e048cf0}: Found class java.lang.Object, but interface was expected> (0x000000008e048cf0) 
thrown [s\src\hotspot\share\interpreter\linkResolver.cpp, line 863]
Event: 12.947 Thread 0x0000026a4610f130 Exception <a 'java/lang/IncompatibleClassChangeError'{0x00000000930e2488}: Found class java.lang.Object, but interface was expected> (0x00000000930e2488) 
thrown [s\src\hotspot\share\interpreter\linkResolver.cpp, line 863]
Event: 13.186 Thread 0x0000026a4610f130 Exception <a 'java/lang/IncompatibleClassChangeError'{0x000000008e5618d0}: Found class java.lang.Object, but interface was expected> (0x000000008e5618d0) 
thrown [s\src\hotspot\share\interpreter\linkResolver.cpp, line 863]
Event: 13.301 Thread 0x0000026a4610f130 Exception <a 'java/lang/IncompatibleClassChangeError'{0x000000008e2a7370}: Found class java.lang.Object, but interface was expected> (0x000000008e2a7370) 
thrown [s\src\hotspot\share\interpreter\linkResolver.cpp, line 863]
Event: 13.433 Thread 0x0000026a4610f130 Exception <a 'java/lang/NoSuchMethodError'{0x0000000093075228}: 'java.lang.Object java.lang.invoke.DirectMethodHandle$Holder.invokeStatic(java.lang.Object, int, java.lang.Object)'> (0x0000000093075228) 
thrown [s\src\hotspot\share\interpreter\linkResolver.cpp, line 796]
Event: 14.406 Thread 0x0000026a4610f130 Exception <a 'java/io/FileNotFoundException'{0x000000008fd512a0}> (0x000000008fd512a0) 
thrown [s\src\hotspot\share\prims\jni.cpp, line 520]
Event: 14.582 Thread 0x0000026a4610f130 Exception <a 'java/lang/NoSuchMethodError'{0x000000008fefda08}: 'void java.lang.invoke.Invokers$Holder.invokeExact_MT(java.lang.Object, java.lang.Object, int, java.lang.Object)'> (0x000000008fefda08) 
thrown [s\src\hotspot\share\interpreter\linkResolver.cpp, line 796]
Event: 14.733 Thread 0x0000026a4610f130 Exception <a 'sun/nio/fs/WindowsException'{0x000000008edd5e58}> (0x000000008edd5e58) 
thrown [s\src\hotspot\share\prims\jni.cpp, line 520]

VM Operations (20 events):
Event: 14.263 Executing VM operation: HandshakeAllThreads (Deoptimize) done
Event: 14.264 Executing VM operation: HandshakeAllThreads (Deoptimize)
Event: 14.264 Executing VM operation: HandshakeAllThreads (Deoptimize) done
Event: 14.414 Executing VM operation: HandshakeAllThreads (Deoptimize)
Event: 14.414 Executing VM operation: HandshakeAllThreads (Deoptimize) done
Event: 14.484 Executing VM operation: G1CollectForAllocation (G1 Evacuation Pause)
Event: 14.486 Executing VM operation: G1CollectForAllocation (G1 Evacuation Pause) done
Event: 14.526 Executing VM operation: G1CollectForAllocation (G1 Evacuation Pause)
Event: 14.529 Executing VM operation: G1CollectForAllocation (G1 Evacuation Pause) done
Event: 14.605 Executing VM operation: HandshakeAllThreads (Deoptimize)
Event: 14.605 Executing VM operation: HandshakeAllThreads (Deoptimize) done
Event: 14.729 Executing VM operation: HandshakeAllThreads (Deoptimize)
Event: 14.729 Executing VM operation: HandshakeAllThreads (Deoptimize) done
Event: 14.736 Executing VM operation: HandshakeAllThreads (Deoptimize)
Event: 14.737 Executing VM operation: HandshakeAllThreads (Deoptimize) done
Event: 14.747 Executing VM operation: HandshakeAllThreads (Deoptimize)
Event: 14.747 Executing VM operation: HandshakeAllThreads (Deoptimize) done
Event: 14.839 Executing VM operation: G1CollectForAllocation (G1 Evacuation Pause)
Event: 14.842 Executing VM operation: G1CollectForAllocation (G1 Evacuation Pause) done
Event: 14.875 Executing VM operation: G1PauseRemark

Memory protections (0 events):
No events

Nmethod flushes (20 events):
Event: 14.234 Thread 0x0000026a67ca0e20 flushing  nmethod 0x0000026a5fbde488
Event: 14.234 Thread 0x0000026a67ca0e20 flushing  nmethod 0x0000026a5fbfef88
Event: 14.234 Thread 0x0000026a67ca0e20 flushing  nmethod 0x0000026a5fc21a08
Event: 14.234 Thread 0x0000026a67ca0e20 flushing  nmethod 0x0000026a5fc21d08
Event: 14.234 Thread 0x0000026a67ca0e20 flushing  nmethod 0x0000026a5fc22288
Event: 14.234 Thread 0x0000026a67ca0e20 flushing  nmethod 0x0000026a5fc22588
Event: 14.234 Thread 0x0000026a67ca0e20 flushing  nmethod 0x0000026a5feefe88
Event: 14.234 Thread 0x0000026a67ca0e20 flushing  nmethod 0x0000026a60012808
Event: 14.234 Thread 0x0000026a67ca0e20 flushing  nmethod 0x0000026a6003f408
Event: 14.234 Thread 0x0000026a67ca0e20 flushing  nmethod 0x0000026a601a4808
Event: 14.877 Thread 0x0000026a67ca0e20 flushing  nmethod 0x0000026a6030ff88
Event: 14.877 Thread 0x0000026a67ca0e20 flushing  nmethod 0x0000026a60316a08
Event: 14.877 Thread 0x0000026a67ca0e20 flushing  nmethod 0x0000026a6032e808
Event: 14.877 Thread 0x0000026a67ca0e20 flushing  nmethod 0x0000026a5f9ff508
Event: 14.877 Thread 0x0000026a67ca0e20 flushing  nmethod 0x0000026a60322988
Event: 14.877 Thread 0x0000026a67ca0e20 flushing  nmethod 0x0000026a60324388
Event: 14.877 Thread 0x0000026a67ca0e20 flushing  nmethod 0x0000026a60325788
Event: 14.877 Thread 0x0000026a67ca0e20 flushing  nmethod 0x0000026a6032b008
Event: 14.877 Thread 0x0000026a67ca0e20 flushing  nmethod 0x0000026a5fbc3f08
Event: 14.877 Thread 0x0000026a67ca0e20 flushing  nmethod 0x0000026a60332208

Events (20 events):
Event: 10.996 Thread 0x0000026a457a8b30 Thread added: 0x0000026a4630de60
Event: 11.000 Thread 0x0000026a4630de60 Thread exited: 0x0000026a4630de60
Event: 11.502 Thread 0x0000026a457a8b30 Thread added: 0x0000026a4630f210
Event: 11.510 Thread 0x0000026a4630f210 Thread exited: 0x0000026a4630f210
Event: 12.013 Thread 0x0000026a457a8b30 Thread added: 0x0000026a4630f210
Event: 12.023 Thread 0x0000026a4630f210 Thread exited: 0x0000026a4630f210
Event: 12.525 Thread 0x0000026a457a8b30 Thread added: 0x0000026a48c4ace0
Event: 12.529 Thread 0x0000026a48c4ace0 Thread exited: 0x0000026a48c4ace0
Event: 13.032 Thread 0x0000026a457a8b30 Thread added: 0x0000026a48d83ee0
Event: 13.034 Thread 0x0000026a48d83ee0 Thread exited: 0x0000026a48d83ee0
Event: 13.537 Thread 0x0000026a457a8b30 Thread added: 0x0000026a48d824a0
Event: 13.550 Thread 0x0000026a48d824a0 Thread exited: 0x0000026a48d824a0
Event: 14.051 Thread 0x0000026a457a8b30 Thread added: 0x0000026a48d81780
Event: 14.056 Thread 0x0000026a48d81780 Thread exited: 0x0000026a48d81780
Event: 14.421 Thread 0x0000026a4610f130 Thread added: 0x0000026a48d810f0
Event: 14.422 Thread 0x0000026a48d810f0 Thread added: 0x0000026a48d83ee0
Event: 14.427 Thread 0x0000026a4610f130 Thread added: 0x0000026a48d80a60
Event: 14.558 Thread 0x0000026a457a8b30 Thread added: 0x0000026a48d824a0
Event: 14.564 Thread 0x0000026a48d824a0 Thread exited: 0x0000026a48d824a0
Event: 14.822 Thread 0x0000026a4630eb80 Thread exited: 0x0000026a4630eb80


Dynamic libraries:
0x00007ff714f50000 - 0x00007ff714f5e000 	C:\Users\maho4\.jdks\corretto-23.0.2\bin\java.exe
0x00007ffe96ca0000 - 0x00007ffe96f07000 	C:\windows\SYSTEM32\ntdll.dll
0x00007ffe953e0000 - 0x00007ffe954a9000 	C:\windows\System32\KERNEL32.DLL
0x00007ffe944b0000 - 0x00007ffe948a7000 	C:\windows\System32\KERNELBASE.dll
0x00007ffe941f0000 - 0x00007ffe9433b000 	C:\windows\System32\ucrtbase.dll
0x00007ffe68fb0000 - 0x00007ffe68fcb000 	C:\Users\maho4\.jdks\corretto-23.0.2\bin\VCRUNTIME140.dll
0x00007ffe69da0000 - 0x00007ffe69db7000 	C:\Users\maho4\.jdks\corretto-23.0.2\bin\jli.dll
0x00007ffe95210000 - 0x00007ffe953d6000 	C:\windows\System32\USER32.dll
0x00007ffe94340000 - 0x00007ffe94367000 	C:\windows\System32\win32u.dll
0x00007ffe928d0000 - 0x00007ffe92b62000 	C:\windows\WinSxS\amd64_microsoft.windows.common-controls_6595b64144ccf1df_6.0.26100.8457_none_3e0b2faee331e92d\COMCTL32.dll
0x00007ffe94c50000 - 0x00007ffe94c7b000 	C:\windows\System32\GDI32.dll
0x00007ffe94d10000 - 0x00007ffe94db9000 	C:\windows\System32\msvcrt.dll
0x00007ffe940c0000 - 0x00007ffe941ec000 	C:\windows\System32\gdi32full.dll
0x00007ffe948b0000 - 0x00007ffe94953000 	C:\windows\System32\msvcp_win.dll
0x00007ffe94a20000 - 0x00007ffe94a52000 	C:\windows\System32\IMM32.DLL
0x00007ffe69ae0000 - 0x00007ffe69aec000 	C:\Users\maho4\.jdks\corretto-23.0.2\bin\vcruntime140_1.dll
0x00007ffe17c40000 - 0x00007ffe17ccd000 	C:\Users\maho4\.jdks\corretto-23.0.2\bin\msvcp140.dll
0x00007ffdbcb10000 - 0x00007ffdbd8e8000 	C:\Users\maho4\.jdks\corretto-23.0.2\bin\server\jvm.dll
0x00007ffe94b90000 - 0x00007ffe94c46000 	C:\windows\System32\ADVAPI32.dll
0x00007ffe94ae0000 - 0x00007ffe94b87000 	C:\windows\System32\sechost.dll
0x00007ffe950f0000 - 0x00007ffe95208000 	C:\windows\System32\RPCRT4.dll
0x00007ffe94c80000 - 0x00007ffe94d00000 	C:\windows\System32\WS2_32.dll
0x00007ffe93550000 - 0x00007ffe935ae000 	C:\windows\SYSTEM32\POWRPROF.dll
0x00007ffe87df0000 - 0x00007ffe87e26000 	C:\windows\SYSTEM32\WINMM.dll
0x00007ffe8a800000 - 0x00007ffe8a80b000 	C:\windows\SYSTEM32\VERSION.dll
0x00007ffe93530000 - 0x00007ffe93544000 	C:\windows\SYSTEM32\UMPDC.dll
0x00007ffe91b30000 - 0x00007ffe91b4b000 	C:\windows\SYSTEM32\kernel.appcore.dll
0x00007ffe620c0000 - 0x00007ffe620ca000 	C:\Users\maho4\.jdks\corretto-23.0.2\bin\jimage.dll
0x00007ffe92ea0000 - 0x00007ffe930e2000 	C:\windows\SYSTEM32\DBGHELP.DLL
0x00007ffe96620000 - 0x00007ffe969a3000 	C:\windows\System32\combase.dll
0x00007ffe964e0000 - 0x00007ffe965b9000 	C:\windows\System32\OLEAUT32.dll
0x00007ffe92d70000 - 0x00007ffe92dab000 	C:\windows\SYSTEM32\dbgcore.DLL
0x00007ffe94370000 - 0x00007ffe94418000 	C:\windows\System32\bcryptPrimitives.dll
0x00007ffe36140000 - 0x00007ffe3614e000 	C:\Users\maho4\.jdks\corretto-23.0.2\bin\instrument.dll
0x00007ffe5dab0000 - 0x00007ffe5dace000 	C:\Users\maho4\.jdks\corretto-23.0.2\bin\java.dll
0x00007ffe956f0000 - 0x00007ffe95887000 	C:\windows\System32\ole32.dll
0x00007ffe95d60000 - 0x00007ffe964ce000 	C:\windows\System32\SHELL32.dll
0x00007ffe936d0000 - 0x00007ffe93f3c000 	C:\windows\System32\windows.storage.dll
0x00007ffe94dc0000 - 0x00007ffe94eb6000 	C:\windows\System32\SHCORE.dll
0x00007ffe95070000 - 0x00007ffe950d6000 	C:\windows\System32\shlwapi.dll
0x00007ffe935f0000 - 0x00007ffe93619000 	C:\windows\SYSTEM32\profapi.dll
0x00007ffe36170000 - 0x00007ffe36187000 	C:\Users\maho4\.jdks\corretto-23.0.2\bin\zip.dll
0x00007ffe620b0000 - 0x00007ffe620c0000 	C:\Users\maho4\.jdks\corretto-23.0.2\bin\net.dll
0x00007ffe92060000 - 0x00007ffe920cc000 	C:\windows\system32\mswsock.dll
0x00007ffe37920000 - 0x00007ffe37936000 	C:\Users\maho4\.jdks\corretto-23.0.2\bin\nio.dll
0x00007ffe3ea10000 - 0x00007ffe3ea19000 	C:\Users\maho4\.jdks\corretto-23.0.2\bin\extnet.dll
0x00007ffe915c0000 - 0x00007ffe916f2000 	C:\windows\SYSTEM32\DNSAPI.dll
0x00007ffe91530000 - 0x00007ffe91562000 	C:\windows\SYSTEM32\IPHLPAPI.DLL
0x00007ffe950e0000 - 0x00007ffe950ea000 	C:\windows\System32\NSI.dll
0x00007ffe8b890000 - 0x00007ffe8b89b000 	C:\Windows\System32\rasadhlp.dll
0x00007ffe8c9c0000 - 0x00007ffe8ca46000 	C:\windows\System32\fwpuclnt.dll
0x00007ffe37c20000 - 0x00007ffe37c29000 	C:\Users\maho4\.jdks\corretto-23.0.2\bin\management.dll
0x00007ffe37910000 - 0x00007ffe3791b000 	C:\Users\maho4\.jdks\corretto-23.0.2\bin\management_ext.dll
0x00007ffe94ec0000 - 0x00007ffe94ec8000 	C:\windows\System32\PSAPI.DLL
0x00007ffe931f0000 - 0x00007ffe9320b000 	C:\windows\SYSTEM32\CRYPTSP.dll
0x00007ffe921d0000 - 0x00007ffe92209000 	C:\windows\system32\rsaenh.dll
0x00007ffe920d0000 - 0x00007ffe92103000 	C:\windows\SYSTEM32\USERENV.dll
0x00007ffe935c0000 - 0x00007ffe935ea000 	C:\windows\SYSTEM32\bcrypt.dll
0x00007ffe92380000 - 0x00007ffe9238c000 	C:\windows\SYSTEM32\CRYPTBASE.dll
0x00007ffe68f50000 - 0x00007ffe68f68000 	C:\windows\system32\napinsp.dll
0x00007ffe68780000 - 0x00007ffe68793000 	C:\windows\System32\winrnr.dll
0x00007ffe686a0000 - 0x00007ffe686c2000 	C:\windows\system32\nlansp_c.dll
0x00007ffe8a7c0000 - 0x00007ffe8a7d6000 	C:\windows\system32\wshbth.dll
0x00007ffe8feb0000 - 0x00007ffe8ff06000 	C:\windows\SYSTEM32\pdh.dll
0x00007ffe13b40000 - 0x00007ffe13b52000 	C:\windows\System32\perfproc.dll
0x00007ffe7a960000 - 0x00007ffe7a971000 	C:\windows\System32\perfos.dll
0x00007ffe910a0000 - 0x00007ffe910b2000 	C:\windows\SYSTEM32\pfclient.dll
0x00007ffe4f920000 - 0x00007ffe4f92e000 	C:\Users\maho4\.jdks\corretto-23.0.2\bin\sunmscapi.dll
0x00007ffe93f40000 - 0x00007ffe940b8000 	C:\windows\System32\CRYPT32.dll
0x00007ffe92790000 - 0x00007ffe927c0000 	C:\windows\SYSTEM32\ncrypt.dll
0x00007ffe92680000 - 0x00007ffe926bf000 	C:\windows\SYSTEM32\NTASN1.dll
0x00007ffe36150000 - 0x00007ffe36160000 	C:\Users\maho4\.jdks\corretto-23.0.2\bin\verify.dll

dbghelp: loaded successfully - version: 4.0.5 - missing functions: none
symbol engine: initialized successfully - sym options: 0x614 - pdb path: .;C:\Users\maho4\.jdks\corretto-23.0.2\bin;C:\windows\SYSTEM32;C:\windows\WinSxS\amd64_microsoft.windows.common-controls_6595b64144ccf1df_6.0.26100.8457_none_3e0b2faee331e92d;C:\Users\maho4\.jdks\corretto-23.0.2\bin\server

VM Arguments:
jvm_args: -XX:TieredStopAtLevel=1 -Dspring.output.ansi.enabled=always -Dcom.sun.management.jmxremote -Dspring.jmx.enabled=true -Dspring.liveBeansView.mbeanDomain -Dspring.application.admin.enabled=true -Dmanagement.endpoints.jmx.exposure.include=* -javaagent:C:\Program Files\JetBrains\IntelliJ IDEA 2025.2\lib\idea_rt.jar=61169 -Dfile.encoding=UTF-8 -Dsun.stdout.encoding=UTF-8 -Dsun.stderr.encoding=UTF-8 
java_command: co.edu.cue.practicas.PracticasEmpresarialesApplication
java_class_path (initial): C:\Users\maho4\OneDrive\Escritorio\ProyectoNuclearPracticas\target\classes;C:\Users\maho4\.m2\repository\org\springframework\boot\spring-boot-starter-web\3.3.6\spring-boot-starter-web-3.3.6.jar;C:\Users\maho4\.m2\repository\org\springframework\boot\spring-boot-starter\3.3.6\spring-boot-starter-3.3.6.jar;C:\Users\maho4\.m2\repository\org\springframework\boot\spring-boot-starter-logging\3.3.6\spring-boot-starter-logging-3.3.6.jar;C:\Users\maho4\.m2\repository\ch\qos\logback\logback-classic\1.5.12\logback-classic-1.5.12.jar;C:\Users\maho4\.m2\repository\ch\qos\logback\logback-core\1.5.12\logback-core-1.5.12.jar;C:\Users\maho4\.m2\repository\org\apache\logging\log4j\log4j-to-slf4j\2.23.1\log4j-to-slf4j-2.23.1.jar;C:\Users\maho4\.m2\repository\org\apache\logging\log4j\log4j-api\2.23.1\log4j-api-2.23.1.jar;C:\Users\maho4\.m2\repository\org\slf4j\jul-to-slf4j\2.0.16\jul-to-slf4j-2.0.16.jar;C:\Users\maho4\.m2\repository\jakarta\annotation\jakarta.annotation-api\2.1.1\jakarta.annotation-api-2.1.1.jar;C:\Users\maho4\.m2\repository\org\yaml\snakeyaml\2.2\snakeyaml-2.2.jar;C:\Users\maho4\.m2\repository\org\springframework\boot\spring-boot-starter-json\3.3.6\spring-boot-starter-json-3.3.6.jar;C:\Users\maho4\.m2\repository\com\fasterxml\jackson\datatype\jackson-datatype-jdk8\2.17.3\jackson-datatype-jdk8-2.17.3.jar;C:\Users\maho4\.m2\repository\com\fasterxml\jackson\datatype\jackson-datatype-jsr310\2.17.3\jackson-datatype-jsr310-2.17.3.jar;C:\Users\maho4\.m2\repository\com\fasterxml\jackson\module\jackson-module-parameter-names\2.17.3\jackson-module-parameter-names-2.17.3.jar;C:\Users\maho4\.m2\repository\org\springframework\boot\spring-boot-starter-tomcat\3.3.6\spring-boot-starter-tomcat-3.3.6.jar;C:\Users\maho4\.m2\repository\org\apache\tomcat\embed\tomcat-embed-core\10.1.33\tomcat-embed-core-10.1.33.jar;C:\Users\maho4\.m2\repository\org\apache\tomcat\embed\tomcat-embed-websocket\10.1.33\tomcat-embed-websocket-10.1.33.jar;C:\Users\maho4\.m2\repository\org\springframework\spring-web\6.1.15\spring-web-6.1.15.jar;C:\Users\maho4\.m2\repository\org\springframework\spring-beans\6.1.15\spring-beans-6.1.15.jar;C:\Users\maho4\.m2\repository\io\micrometer\micrometer-observation\1.13.8\micrometer-observation-1.13.8.jar;C:\Users\maho4\.m2\repository\io\micrometer\micrometer-commons\1.13.8\micrometer-commons-1.13.8.jar;C:\Users\maho4\.m2\repository\org\springframework\spring-webmvc\6.1.15\spring-webmvc-6.1.15.jar;C:\Users\maho4\.m2\repository\org\springframework\spring-context\6.1.15\spring-context-6.1.15.jar;C:\Users\maho4\.m2\repository\org\springframework\spring-expression\6.1.15\spring-expression-6.1.15.jar;C:\Users\maho4\.m2\repository\org\springframework\boot\spring-boot-starter-security\3.3.6\spring-boot-starter-security-3.3.6.jar;C:\Users\maho4\.m2\repository\org\springframework\spring-aop\6.1.15\spring-aop-6.1.15.jar;C:\Users\maho4\.m2\repository\org\springframework\security\spring-security-config\6.3.5\spring-security-config-6.3.5.jar;C:\Users\maho4\.m2\repository\org\springframework\security\spring-security-web\6.3.5\spring-security-web-6.3.5.jar;C:\Users\maho4\.m2\repository\org\springframework\boot\spring-boot-starter-data-jpa\3.3.6\spring-boot-starter-data-jpa-3.3.6.jar;C:\Users\maho4\.m2\repository\org\springframework\boot\spring-boot-starter-jdbc\3.3.6\spring-boot-starter-jdbc-3.3.6.jar;C:\Users\maho4\.m2\repository\com\zaxxer\HikariCP\5.1.0\HikariCP-5.1.0.jar;C:\Users\maho4\.m2\repository\org\springframework\spring-jdbc\6.1.15\spring-jdbc-6.1.15.jar;C:\Users\maho4\.m2\repository\org\hibernate\orm\hibernate-core\6.5.3.Final\hibernate-core-6.5.3.Final.jar;C:\Users\maho4\.m2\repository\jakarta\persistence\jakarta.persistence-api\3.1.0\jakarta.persistence-api-3.1.0.jar;C:\Users\maho4\.m2\repository\jakarta\transaction\jakarta.transaction-api\2.0.1\jakarta.transaction-api-2.0.1.jar;C:\Users\maho4\.m2\repository\org\jboss\logging\jboss-logging\3.5.3.Final\jboss-logging-3.5.3.Final.jar;C:\Users\maho4\.m2\repository\org\hibernate\common\hibernate-commons-annotations\6.0.6.Final\hibernate-commons-annotations-6.0.6.Final.jar;C:\Users\maho4\.m2\repository\io\smallrye\jandex\3.1.2\jandex-3.1.2.jar;C:\Users\maho4\.m2\repository\com\fasterxml\classmate\1.7.0\classmate-1.7.0.jar;C:\Users\maho4\.m2\repository\net\bytebuddy\byte-buddy\1.14.19\byte-buddy-1.14.19.jar;C:\Users\maho4\.m2\repository\org\glassfish\jaxb\jaxb-runtime\4.0.5\jaxb-runtime-4.0.5.jar;C:\Users\maho4\.m2\repository\org\glassfish\jaxb\jaxb-core\4.0.5\jaxb-core-4.0.5.jar;C:\Users\maho4\.m2\repository\org\glassfish\jaxb\txw2\4.0.5\txw2-4.0.5.jar;C:\Users\maho4\.m2\repository\com\sun\istack\istack-commons-runtime\4.1.2\istack-commons-runtime-4.1.2.jar;C:\Users\maho4\.m2\repository\jakarta\inject\jakarta.inject-api\2.0.1\jakarta.inject-api-2.0.1.jar;C:\Users\maho4\.m2\repository\org\antlr\antlr4-runtime\4.13.0\antlr4-runtime-4.13.0.jar;C:\Users\maho4\.m2\repository\org\springframework\data\spring-data-jpa\3.3.6\spring-data-jpa-3.3.6.jar;C:\Users\maho4\.m2\repository\org\springframework\data\spring-data-commons\3.3.6\spring-data-commons-3.3.6.jar;C:\Users\maho4\.m2\repository\org\springframework\spring-orm\6.1.15\spring-orm-6.1.15.jar;C:\Users\maho4\.m2\repository\org\springframework\spring-tx\6.1.15\spring-tx-6.1.15.jar;C:\Users\maho4\.m2\repository\org\slf4j\slf4j-api\2.0.16\slf4j-api-2.0.16.jar;C:\Users\maho4\.m2\repository\org\springframework\spring-aspects\6.1.15\spring-aspects-6.1.15.jar;C:\Users\maho4\.m2\repository\org\springframework\boot\spring-boot-starter-validation\3.3.6\spring-boot-starter-validation-3.3.6.jar;C:\Users\maho4\.m2\repository\org\apache\tomcat\embed\tomcat-embed-el\10.1.33\tomcat-embed-el-10.1.33.jar;C:\Users\maho4\.m2\repository\org\hibernate\validator\hibernate-validator\8.0.1.Final\hibernate-validator-8.0.1.Final.jar;C:\Users\maho4\.m2\repository\jakarta\validation\jakarta.validation-api\3.0.2\jakarta.validation-api-3.0.2.jar;C:\Users\maho4\.m2\repository\org\springframework\boot\spring-boot-starter-mail\3.3.6\spring-boot-starter-mail-3.3.6.jar;C:\Users\maho4\.m2\repository\org\springframework\spring-context-support\6.1.15\spring-context-support-6.1.15.jar;C:\Users\maho4\.m2\repository\org\eclipse\angus\jakarta.mail\2.0.3\jakarta.mail-2.0.3.jar;C:\Users\maho4\.m2\repository\jakarta\activation\jakarta.activation-api\2.1.3\jakarta.activation-api-2.1.3.jar;C:\Users\maho4\.m2\repository\org\eclipse\angus\angus-activation\2.0.2\angus-activation-2.0.2.jar;C:\Users\maho4\.m2\repository\org\springframework\boot\spring-boot-starter-aop\3.3.6\spring-boot-starter-aop-3.3.6.jar;C:\Users\maho4\.m2\repository\org\aspectj\aspectjweaver\1.9.22.1\aspectjweaver-1.9.22.1.jar;C:\Users\maho4\.m2\repository\io\jsonwebtoken\jjwt-api\0.12.3\jjwt-api-0.12.3.jar;C:\Users\maho4\.m2\repository\io\jsonwebtoken\jjwt-impl\0.12.3\jjwt-impl-0.12.3.jar;C:\Users\maho4\.m2\repository\io\jsonwebtoken\jjwt-jackson\0.12.3\jjwt-jackson-0.12.3.jar;C:\Users\maho4\.m2\repository\com\fasterxml\jackson\core\jackson-databind\2.17.3\jackson-databind-2.17.3.jar;C:\Users\maho4\.m2\repository\com\fasterxml\jackson\core\jackson-annotations\2.17.3\jackson-annotations-2.17.3.jar;C:\Users\maho4\.m2\repository\com\fasterxml\jackson\core\jackson-core\2.17.3\jackson-core-2.17.3.jar;C:\Users\maho4\.m2\repository\org\projectlombok\lombok\1.18.36\lombok-1.18.36.jar;C:\Users\maho4\.m2\repository\com\h2database\h2\2.2.224\h2-2.2.224.jar;C:\Users\maho4\.m2\repository\com\mysql\mysql-connector-j\8.3.0\mysql-connector-j-8.3.0.jar;C:\Users\maho4\.m2\repository\org\springframework\boot\spring-boot-devtools\3.3.6\spring-boot-devtools-3.3.6.jar;C:\Users\maho4\.m2\repository\org\springframework\boot\spring-boot\3.3.6\spring-boot-3.3.6.jar;C:\Users\maho4\.m2\repository\org\springframework\boot\spring-boot-autoconfigure\3.3.6\spring-boot-autoconfigure-3.3.6.jar;C:\Users\maho4\.m2\repository\jakarta\xml\bind\jakarta.xml.bind-api\4.0.2\jakarta.xml.bind-api-4.0.2.jar;C:\Users\maho4\.m2\repository\org\springframework\spring-core\6.1.15\spring-core-6.1.15.jar;C:\Users\maho4\.m2\repository\org\springframework\spring-jcl\6.1.15\spring-jcl-6.1.15.jar;C:\Users\maho4\.m2\repository\org\springframework\security\spring-security-core\6.3.5\spring-security-core-6.3.5.jar;C:\Users\maho4\.m2\repository\org\springframework\security\spring-security-crypto\6.3.5\spring-security-crypto-6.3.5.jar
Launcher Type: SUN_STANDARD

[Global flags]
     intx CICompilerCount                          = 4                                         {product} {ergonomic}
     uint ConcGCThreads                            = 3                                         {product} {ergonomic}
     uint G1ConcRefinementThreads                  = 10                                        {product} {ergonomic}
   size_t G1HeapRegionSize                         = 1048576                                   {product} {ergonomic}
   size_t InitialHeapSize                          = 123731968                                 {product} {ergonomic}
     bool ManagementServer                         = true                                      {product} {command line}
   size_t MarkStackSize                            = 4194304                                   {product} {ergonomic}
   size_t MarkStackSizeMax                         = 536870912                                 {product} {ergonomic}
   size_t MaxHeapSize                              = 1950351360                                {product} {ergonomic}
   size_t MaxNewSize                               = 1170210816                                {product} {ergonomic}
   size_t MinHeapDeltaBytes                        = 1048576                                   {product} {ergonomic}
   size_t MinHeapSize                              = 8388608                                   {product} {ergonomic}
    uintx NonNMethodCodeHeapSize                   = 4096                                   {pd product} {ergonomic}
    uintx NonProfiledCodeHeapSize                  = 0                                      {pd product} {ergonomic}
     bool ProfileInterpreter                       = false                                  {pd product} {command line}
    uintx ProfiledCodeHeapSize                     = 0                                      {pd product} {ergonomic}
   size_t SoftMaxHeapSize                          = 1950351360                             {manageable} {ergonomic}
     intx TieredStopAtLevel                        = 1                                         {product} {command line}
     bool UseCompressedOops                        = true                           {product lp64_product} {ergonomic}
     bool UseG1GC                                  = true                                      {product} {ergonomic}
     bool UseLargePagesIndividualAllocation        = false                                  {pd product} {ergonomic}

Logging:
Log output configuration:
 #0: stdout all=warning uptime,level,tags foldmultilines=false
 #1: stderr all=off uptime,level,tags foldmultilines=false

Environment Variables:
PATH=C:\windows\system32;C:\windows;C:\windows\System32\Wbem;C:\windows\System32\WindowsPowerShell\v1.0\;C:\windows\System32\OpenSSH\;C:\Program Files (x86)\NVIDIA Corporation\PhysX\Common;C:\Users\Administrator\AppData\Local\Microsoft\WindowsApps;C:\Program Files\HP\OMEN-Broadcast\Common;C:\Program Files\nodejs\;C:\Program Files\Git\cmd;C:\Program Files\NVIDIA Corporation\NVIDIA App\NvDLISR;C:\windows\system32;C:\windows;C:\windows\System32\Wbem;C:\windows\System32\WindowsPowerShell\v1.0\;C:\windows\System32\OpenSSH\;C:\Program Files (x86)\NVIDIA Corporation\PhysX\Common;C:\Users\Administrator\AppData\Local\Microsoft\WindowsApps;C:\Program Files\HP\OMEN-Broadcast\Common;C:\Program Files\nodejs\;C:\Program Files\Git\cmd;C:\Program Files\Docker\Docker\resources\bin;C:\Program Files\NVIDIA Corporation\NVIDIA App\NvDLISR;C:\Users\maho4\AppData\Local\Programs\Python\Launcher\;C:\Users\maho4\AppData\Local\Microsoft\WindowsApps;C:\Program Files\JetBrains\PyCharm 2025.1.3.1\bin;C:\Program Files\JetBrains\IntelliJ IDEA 2025.2\bin;C:\Users\maho4\AppData\Local\Programs\Microsoft VS Code\bin;C:\Users\maho4\AppData\Roaming\npm;C:\Users\maho4\.fly\bin;C:\xampp\php;C:\ProgramData\ComposerSetup\bin;C:\Users\maho4\AppData\Roaming\Composer\vendor\bin;C:\ProgramData\ComposerSetup\bin;C:\Program Files\MySQL\MySQL Server 8.4\bin;C:\windows\system32;C:\windows;C:\windows\System32\Wbem;C:\windows\System32\WindowsPowerShell\v1.0\;C:\windows\System32\OpenSSH\;C:\Program Files (x86)\NVIDIA Corporation\PhysX\Common;C:\Users\Administrator\AppData\Local\Microsoft\WindowsApps;C:\Program Files\HP\OMEN-Broadcast\Common;C:\Program Files\HP\HP One Agent;C:\Program Files\nodejs\;C:\Program Files\Git\cmd;C:\Program Files\Docker\Docker\resources\bin;C:\Program Files\NVIDIA Corporation\NVIDIA App\NvDLISR;C:\Users\maho4\AppData\Local\Programs\Python\Launcher\;C:\Users\maho4\AppData\Local\Microsoft\WindowsApps;;C:\Program Files\JetBrains\PyCharm 2025.1.3.1\bin;;C:\Program Files\JetBrains\IntelliJ IDEA 2025.2\bin;C:\Users\maho4\AppData\Local\Programs\Microsoft VS Code\bin;C:\Users\maho4\AppData\Roaming\npm;C:\Users\maho4\.fly\bin;C:\Users\maho4\AppData\Roaming\Composer\vendor\bin;C:\Program Files\JetBrains\PhpStorm 2025.3.2\bin
USERNAME=maho4
OS=Windows_NT
PROCESSOR_IDENTIFIER=AMD64 Family 25 Model 117 Stepping 2, AuthenticAMD
TMP=C:\Users\maho4\AppData\Local\Temp
TEMP=C:\Users\maho4\AppData\Local\Temp




Periodic native trim disabled

---------------  S Y S T E M  ---------------

OS:
 Windows 11 , 64 bit Build 26100 (10.0.26100.8328)
OS uptime: 1 days 3:29 hours
Hyper-V role detected

CPU: total 12 (initial active 12) (12 cores per cpu, 2 threads per core) family 25 model 117 stepping 2 microcode 0xa70520a, cx8, cmov, fxsr, ht, mmx, 3dnowpref, sse, sse2, sse3, ssse3, sse4a, sse4.1, sse4.2, popcnt, lzcnt, tsc, tscinvbit, avx, avx2, aes, erms, clmul, bmi1, bmi2, adx, avx512f, avx512dq, avx512cd, avx512bw, avx512vl, sha, fma, vzeroupper, avx512_vpopcntdq, avx512_vpclmulqdq, avx512_vaes, avx512_vnni, clflush, clflushopt, avx512_vbmi2, avx512_vbmi, hv, rdtscp, rdpid, fsrm, gfni, avx512_bitalg, f16c, cet_ss, avx512_ifma
Processor Information for the first 12 processors :
  Max Mhz: 4301, Current Mhz: 2483, Mhz Limit: 4301

Memory: 4k page, system-wide physical 7439M (345M free)
TotalPageFile size 29967M (AvailPageFile size 2M)
current process WorkingSet (physical memory assigned to process): 222M, peak: 222M
current process commit charge ("private bytes"): 283M, peak: 288M

vm_info: OpenJDK 64-Bit Server VM (23.0.2+7-FR) for windows-amd64 JRE (23.0.2+7-FR), built on 2025-01-07T22:59:58Z with MS VC++ 16.10 / 16.11 (VS2019)

END.
