#
# There is insufficient memory for the Java Runtime Environment to continue.
# Native memory allocation (mmap) failed to map 44040192 bytes. Error detail: G1 virtual space
# Possible reasons:
#   The system is out of physical RAM or swap space
#   This process is running with CompressedOops enabled, and the Java Heap may be blocking the growth of the native heap
# Possible solutions:
#   Reduce memory load on the system
#   Increase physical memory or swap space
#   Check if swap backing store is full
#   Decrease Java heap size (-Xmx/-Xms)
#   Decrease number of Java threads
#   Decrease Java thread stack sizes (-Xss)
#   Set larger code cache with -XX:ReservedCodeCacheSize=
#   JVM is running with Unscaled Compressed Oops mode in which the Java heap is
#     placed in the first 4GB address space. The Java Heap base address is the
#     maximum limit for the native heap growth. Please use -XX:HeapBaseMinAddress
#     to set the Java Heap base and to place the Java Heap above 4GB virtual address.
# This output file may be truncated or incomplete.
#
#  Out of Memory Error (os_windows.cpp:3707), pid=2184, tid=15920
#
# JRE version: OpenJDK Runtime Environment Corretto-23.0.2.7.1 (23.0.2+7) (build 23.0.2+7-FR)
# Java VM: OpenJDK 64-Bit Server VM Corretto-23.0.2.7.1 (23.0.2+7-FR, mixed mode, emulated-client, sharing, tiered, compressed oops, compressed class ptrs, g1 gc, windows-amd64)
# No core dump will be written. Minidumps are not enabled by default on client versions of Windows
#

---------------  S U M M A R Y ------------

Command Line: -XX:TieredStopAtLevel=1 -Dspring.output.ansi.enabled=always -Dcom.sun.management.jmxremote -Dspring.jmx.enabled=true -Dspring.liveBeansView.mbeanDomain -Dspring.application.admin.enabled=true -Dmanagement.endpoints.jmx.exposure.include=* -javaagent:C:\Program Files\JetBrains\IntelliJ IDEA 2025.2\lib\idea_rt.jar=61054 -Dfile.encoding=UTF-8 -Dsun.stdout.encoding=UTF-8 -Dsun.stderr.encoding=UTF-8 co.edu.cue.practicas.PracticasEmpresarialesApplication

Host: AMD Ryzen 5 8645HS w/ Radeon 760M Graphics, 12 cores, 7G,  Windows 11 , 64 bit Build 26100 (10.0.26100.8328)
Time: Thu May 28 21:03:43 2026 Hora est. Pac璗ico, Sudam廨ica elapsed time: 21.710066 seconds (0d 0h 0m 21s)

---------------  T H R E A D  ---------------

Current thread (0x000002662c7a04b0):  VMThread "VM Thread"          [id=15920, stack(0x000000f604600000,0x000000f604700000) (1024K)]

Stack: [0x000000f604600000,0x000000f604700000]
Native frames: (J=compiled Java code, j=interpreted, Vv=VM code, C=native code)
V  [jvm.dll+0x6f3b69]  (no source info available)
V  [jvm.dll+0x8e5d05]  (no source info available)
V  [jvm.dll+0x8e7fbe]  (no source info available)
V  [jvm.dll+0x8e86a3]  (no source info available)
V  [jvm.dll+0x285ee6]  (no source info available)
V  [jvm.dll+0x6f03c5]  (no source info available)
V  [jvm.dll+0x6e3dba]  (no source info available)
V  [jvm.dll+0x36a35b]  (no source info available)
V  [jvm.dll+0x372796]  (no source info available)
V  [jvm.dll+0x35ee56]  (no source info available)
V  [jvm.dll+0x35f118]  (no source info available)
V  [jvm.dll+0x336cfc]  (no source info available)
V  [jvm.dll+0x336d8a]  (no source info available)
V  [jvm.dll+0x3835fd]  (no source info available)
V  [jvm.dll+0x381be2]  (no source info available)
V  [jvm.dll+0x336457]  (no source info available)
V  [jvm.dll+0x381384]  (no source info available)
V  [jvm.dll+0x8ee398]  (no source info available)
V  [jvm.dll+0x8ef6a7]  (no source info available)
V  [jvm.dll+0x8efbd8]  (no source info available)
V  [jvm.dll+0x8efe63]  (no source info available)
V  [jvm.dll+0x88b4a8]  (no source info available)
V  [jvm.dll+0x6f23a5]  (no source info available)
C  [ucrtbase.dll+0x37b0]  (no source info available)
C  [KERNEL32.DLL+0x2e957]  (no source info available)
C  [ntdll.dll+0x427c]  (no source info available)

VM_Operation (0x000000f605ffaed0): G1CollectForAllocation, mode: safepoint, requested by thread 0x00000266729aa210


---------------  P R O C E S S  ---------------

Threads class SMR info:
_java_thread_list=0x00000266759d73b0, length=24, elements={
0x0000026619472260, 0x000002662c7bba10, 0x000002662c7bd190, 0x000002662c7c21a0,
0x000002662c7c2c00, 0x000002662c7c4380, 0x000002662c7cdc40, 0x000002662c7f4e10,
0x000002662c8ed910, 0x00000266720aff30, 0x00000266720d05b0, 0x000002667235f9e0,
0x000002667243c250, 0x0000026672409a50, 0x0000026672417cb0, 0x00000266729a5370,
0x00000266729aa210, 0x0000026672b889e0, 0x0000026672b8a420, 0x0000026672b89070,
0x00000266749a2530, 0x0000026674a04710, 0x0000026674a088b0, 0x0000026674a067e0
}

Java Threads: ( => current thread )
  0x0000026619472260 JavaThread "main"                              [_thread_blocked, id=14528, stack(0x000000f603f00000,0x000000f604000000) (1024K)]
  0x000002662c7bba10 JavaThread "Reference Handler"          daemon [_thread_blocked, id=14776, stack(0x000000f604700000,0x000000f604800000) (1024K)]
  0x000002662c7bd190 JavaThread "Finalizer"                  daemon [_thread_blocked, id=29712, stack(0x000000f604800000,0x000000f604900000) (1024K)]
  0x000002662c7c21a0 JavaThread "Signal Dispatcher"          daemon [_thread_blocked, id=23928, stack(0x000000f604900000,0x000000f604a00000) (1024K)]
  0x000002662c7c2c00 JavaThread "Attach Listener"            daemon [_thread_blocked, id=19196, stack(0x000000f604a00000,0x000000f604b00000) (1024K)]
  0x000002662c7c4380 JavaThread "Service Thread"             daemon [_thread_blocked, id=25936, stack(0x000000f604b00000,0x000000f604c00000) (1024K)]
  0x000002662c7cdc40 JavaThread "Monitor Deflation Thread"   daemon [_thread_blocked, id=32092, stack(0x000000f604c00000,0x000000f604d00000) (1024K)]
  0x000002662c7f4e10 JavaThread "C1 CompilerThread0"         daemon [_thread_blocked, id=7200, stack(0x000000f604d00000,0x000000f604e00000) (1024K)]
  0x000002662c8ed910 JavaThread "Common-Cleaner"             daemon [_thread_blocked, id=19620, stack(0x000000f604e00000,0x000000f604f00000) (1024K)]
  0x00000266720aff30 JavaThread "Monitor Ctrl-Break"         daemon [_thread_in_native, id=18560, stack(0x000000f604f00000,0x000000f605000000) (1024K)]
  0x00000266720d05b0 JavaThread "Notification Thread"        daemon [_thread_blocked, id=17256, stack(0x000000f605000000,0x000000f605100000) (1024K)]
  0x000002667235f9e0 JavaThread "RMI TCP Accept-0"           daemon [_thread_in_native, id=34608, stack(0x000000f605100000,0x000000f605200000) (1024K)]
  0x000002667243c250 JavaThread "RMI TCP Connection(1)-192.168.1.14" daemon [_thread_blocked, id=18700, stack(0x000000f605200000,0x000000f605300000) (1024K)]
  0x0000026672409a50 JavaThread "RMI Scheduler(0)"           daemon [_thread_blocked, id=1460, stack(0x000000f605300000,0x000000f605400000) (1024K)]
  0x0000026672417cb0 JavaThread "JMX server connection timeout 26" daemon [_thread_blocked, id=4736, stack(0x000000f605400000,0x000000f605500000) (1024K)]
  0x00000266729a5370 JavaThread "Thread-0"                          [_thread_blocked, id=16940, stack(0x000000f605e00000,0x000000f605f00000) (1024K)]
  0x00000266729aa210 JavaThread "restartedMain"                     [_thread_blocked, id=28108, stack(0x000000f605f00000,0x000000f606000000) (1024K)]
  0x0000026672b889e0 JavaThread "RMI TCP Connection(2)-192.168.1.14" daemon [_thread_blocked, id=21472, stack(0x000000f606000000,0x000000f606100000) (1024K)]
  0x0000026672b8a420 JavaThread "mysql-cj-abandoned-connection-cleanup" daemon [_thread_blocked, id=32784, stack(0x000000f606100000,0x000000f606200000) (1024K)]
  0x0000026672b89070 JavaThread "HikariPool-1 housekeeper"   daemon [_thread_blocked, id=32460, stack(0x000000f606500000,0x000000f606600000) (1024K)]
  0x00000266749a2530 JavaThread "C1 CompilerThread1"         daemon [_thread_blocked, id=17140, stack(0x000000f606700000,0x000000f606800000) (1024K)]
  0x0000026674a04710 JavaThread "Catalina-utility-1"                [_thread_blocked, id=23448, stack(0x000000f606600000,0x000000f606700000) (1024K)]
  0x0000026674a088b0 JavaThread "Catalina-utility-2"                [_thread_blocked, id=7696, stack(0x000000f606800000,0x000000f606900000) (1024K)]
  0x0000026674a067e0 JavaThread "container-0"                       [_thread_blocked, id=19724, stack(0x000000f606900000,0x000000f606a00000) (1024K)]
Total: 24

Other Threads:
=>0x000002662c7a04b0 VMThread "VM Thread"                           [id=15920, stack(0x000000f604600000,0x000000f604700000) (1024K)]
  0x000002662c7912e0 WatcherThread "VM Periodic Task Thread"        [id=22700, stack(0x000000f604500000,0x000000f604600000) (1024K)]
  0x000002661b872a90 WorkerThread "GC Thread#0"                     [id=17528, stack(0x000000f604000000,0x000000f604100000) (1024K)]
  0x0000026672487380 WorkerThread "GC Thread#1"                     [id=20268, stack(0x000000f605500000,0x000000f605600000) (1024K)]
  0x0000026672487ae0 WorkerThread "GC Thread#2"                     [id=22108, stack(0x000000f605600000,0x000000f605700000) (1024K)]
  0x0000026672486fd0 WorkerThread "GC Thread#3"                     [id=32232, stack(0x000000f605700000,0x000000f605800000) (1024K)]
  0x0000026672487730 WorkerThread "GC Thread#4"                     [id=31096, stack(0x000000f605800000,0x000000f605900000) (1024K)]
  0x00000266727b90f0 WorkerThread "GC Thread#5"                     [id=24116, stack(0x000000f605900000,0x000000f605a00000) (1024K)]
  0x00000266727b7ad0 WorkerThread "GC Thread#6"                     [id=22016, stack(0x000000f605a00000,0x000000f605b00000) (1024K)]
  0x00000266727b7370 WorkerThread "GC Thread#7"                     [id=7816, stack(0x000000f605b00000,0x000000f605c00000) (1024K)]
  0x00000266727baac0 WorkerThread "GC Thread#8"                     [id=15676, stack(0x000000f605c00000,0x000000f605d00000) (1024K)]
  0x00000266727b7720 WorkerThread "GC Thread#9"                     [id=24284, stack(0x000000f605d00000,0x000000f605e00000) (1024K)]
  0x000002661b886ba0 ConcurrentGCThread "G1 Main Marker"            [id=1980, stack(0x000000f604100000,0x000000f604200000) (1024K)]
  0x000002661b8883e0 WorkerThread "G1 Conc#0"                       [id=3792, stack(0x000000f604200000,0x000000f604300000) (1024K)]
  0x00000266727b9850 WorkerThread "G1 Conc#1"                       [id=25592, stack(0x000000f606200000,0x000000f606300000) (1024K)]
  0x00000266727ba710 WorkerThread "G1 Conc#2"                       [id=2188, stack(0x000000f606300000,0x000000f606400000) (1024K)]
  0x000002661b8ceaa0 ConcurrentGCThread "G1 Refine#0"               [id=27212, stack(0x000000f604300000,0x000000f604400000) (1024K)]
  0x000002662c6635f0 ConcurrentGCThread "G1 Service"                [id=24736, stack(0x000000f604400000,0x000000f604500000) (1024K)]
Total: 18

Threads with active compile tasks:
Total: 0

VM state: at safepoint (normal execution)

VM Mutex/Monitor currently owned by a thread:  ([mutex/lock_event])
[0x00007ffdbd807cd8] Threads_lock - owner thread: 0x000002662c7a04b0
[0x00007ffdbd807dd8] Heap_lock - owner thread: 0x00000266729aa210

Heap address: 0x000000008bc00000, size: 1860 MB, Compressed Oops mode: 32-bit

CDS archive(s) mapped at: [0x000002662d000000-0x000002662dd70000-0x000002662dd70000), size 14090240, SharedBaseAddress: 0x000002662d000000, ArchiveRelocationMode: 1.
Compressed class space mapped at: 0x000002662e000000-0x000002666e000000, reserved size: 1073741824
Narrow klass base: 0x000002662d000000, Narrow klass shift: 0, Narrow klass range: 0x41000000

GC Precious Log:
 CardTable entry size: 512
 Card Set container configuration: InlinePtr #cards 5 size 8 Array Of Cards #cards 10 size 36 Howl #buckets 4 coarsen threshold 1843 Howl Bitmap #cards 512 size 80 coarsen threshold 460 Card regions per heap region 1 cards per card region 2048
 CPUs: 12 total, 12 available
 Memory: 7439M
 Large Page Support: Disabled
 NUMA Support: Disabled
 Compressed Oops: Enabled (32-bit)
 Heap Region Size: 1M
 Heap Min Capacity: 8M
 Heap Initial Capacity: 118M
 Heap Max Capacity: 1860M
 Pre-touch: Disabled
 Parallel Workers: 10
 Concurrent Workers: 3
 Concurrent Refinement Workers: 10
 Periodic GC: Disabled

Heap:
 garbage-first heap   total reserved 1904640K, committed 66560K, used 40852K [0x000000008bc00000, 0x0000000100000000)
  region size 1024K, 2 young (2048K), 2 survivors (2048K)
 Metaspace       used 70525K, committed 71296K, reserved 1114112K
  class space    used 10549K, committed 10880K, reserved 1048576K

Heap Regions: E=young(eden), S=young(survivor), O=old, HS=humongous(starts), HC=humongous(continues), CS=collection set, F=free, TAMS=top-at-mark-start, PB=parsable bottom
|   0|0x000000008bc00000, 0x000000008bd00000, 0x000000008bd00000|100%|HS|  |TAMS 0x000000008bc00000| PB 0x000000008bc00000| Complete |  0
|   1|0x000000008bd00000, 0x000000008be00000, 0x000000008be00000|100%| O|  |TAMS 0x000000008bd00000| PB 0x000000008bd00000| Untracked |  0
|   2|0x000000008be00000, 0x000000008bf00000, 0x000000008bf00000|100%| O|  |TAMS 0x000000008be00000| PB 0x000000008be00000| Untracked |  0
|   3|0x000000008bf00000, 0x000000008c000000, 0x000000008c000000|100%| O|  |TAMS 0x000000008bf00000| PB 0x000000008bf00000| Untracked |  0
|   4|0x000000008c000000, 0x000000008c100000, 0x000000008c100000|100%| O|  |TAMS 0x000000008c000000| PB 0x000000008c000000| Untracked |  0
|   5|0x000000008c100000, 0x000000008c200000, 0x000000008c200000|100%| O|  |TAMS 0x000000008c100000| PB 0x000000008c100000| Untracked |  0
|   6|0x000000008c200000, 0x000000008c300000, 0x000000008c300000|100%| O|  |TAMS 0x000000008c200000| PB 0x000000008c200000| Untracked |  0
|   7|0x000000008c300000, 0x000000008c400000, 0x000000008c400000|100%| O|  |TAMS 0x000000008c300000| PB 0x000000008c300000| Untracked |  0
|   8|0x000000008c400000, 0x000000008c500000, 0x000000008c500000|100%| O|  |TAMS 0x000000008c400000| PB 0x000000008c400000| Untracked |  0
|   9|0x000000008c500000, 0x000000008c600000, 0x000000008c600000|100%| O|  |TAMS 0x000000008c500000| PB 0x000000008c500000| Untracked |  0
|  10|0x000000008c600000, 0x000000008c700000, 0x000000008c700000|100%| O|  |TAMS 0x000000008c600000| PB 0x000000008c600000| Untracked |  0
|  11|0x000000008c700000, 0x000000008c800000, 0x000000008c800000|100%| O|  |TAMS 0x000000008c700000| PB 0x000000008c700000| Untracked |  0
|  12|0x000000008c800000, 0x000000008c900000, 0x000000008c900000|100%| O|  |TAMS 0x000000008c800000| PB 0x000000008c800000| Untracked |  0
|  13|0x000000008c900000, 0x000000008ca00000, 0x000000008ca00000|100%| O|  |TAMS 0x000000008c900000| PB 0x000000008c900000| Untracked |  0
|  14|0x000000008ca00000, 0x000000008cb00000, 0x000000008cb00000|100%| O|  |TAMS 0x000000008ca00000| PB 0x000000008ca00000| Untracked |  0
|  15|0x000000008cb00000, 0x000000008cc00000, 0x000000008cc00000|100%| O|  |TAMS 0x000000008cb00000| PB 0x000000008cb00000| Untracked |  0
|  16|0x000000008cc00000, 0x000000008cd00000, 0x000000008cd00000|100%| O|  |TAMS 0x000000008cc00000| PB 0x000000008cc00000| Untracked |  0
|  17|0x000000008cd00000, 0x000000008ce00000, 0x000000008ce00000|100%| O|  |TAMS 0x000000008cd00000| PB 0x000000008cd00000| Untracked |  0
|  18|0x000000008ce00000, 0x000000008cf00000, 0x000000008cf00000|100%| O|  |TAMS 0x000000008ce00000| PB 0x000000008ce00000| Untracked |  0
|  19|0x000000008cf00000, 0x000000008d000000, 0x000000008d000000|100%| O|  |TAMS 0x000000008cf00000| PB 0x000000008cf00000| Untracked |  0
|  20|0x000000008d000000, 0x000000008d100000, 0x000000008d100000|100%| O|  |TAMS 0x000000008d000000| PB 0x000000008d000000| Untracked |  0
|  21|0x000000008d100000, 0x000000008d200000, 0x000000008d200000|100%| O|  |TAMS 0x000000008d100000| PB 0x000000008d100000| Untracked |  0
|  22|0x000000008d200000, 0x000000008d300000, 0x000000008d300000|100%| O|  |TAMS 0x000000008d200000| PB 0x000000008d200000| Untracked |  0
|  23|0x000000008d300000, 0x000000008d400000, 0x000000008d400000|100%| O|  |TAMS 0x000000008d300000| PB 0x000000008d300000| Untracked |  0
|  24|0x000000008d400000, 0x000000008d500000, 0x000000008d500000|100%| O|  |TAMS 0x000000008d400000| PB 0x000000008d400000| Untracked |  0
|  25|0x000000008d500000, 0x000000008d600000, 0x000000008d600000|100%| O|  |TAMS 0x000000008d500000| PB 0x000000008d500000| Untracked |  0
|  26|0x000000008d600000, 0x000000008d700000, 0x000000008d700000|100%| O|  |TAMS 0x000000008d600000| PB 0x000000008d600000| Untracked |  0
|  27|0x000000008d700000, 0x000000008d800000, 0x000000008d800000|100%| O|  |TAMS 0x000000008d700000| PB 0x000000008d700000| Untracked |  0
|  28|0x000000008d800000, 0x000000008d900000, 0x000000008d900000|100%| O|  |TAMS 0x000000008d800000| PB 0x000000008d800000| Untracked |  0
|  29|0x000000008d900000, 0x000000008da00000, 0x000000008da00000|100%| O|  |TAMS 0x000000008d900000| PB 0x000000008d900000| Untracked |  0
|  30|0x000000008da00000, 0x000000008db00000, 0x000000008db00000|100%| O|  |TAMS 0x000000008da00000| PB 0x000000008da00000| Untracked |  0
|  31|0x000000008db00000, 0x000000008dc00000, 0x000000008dc00000|100%| O|  |TAMS 0x000000008db00000| PB 0x000000008db00000| Untracked |  0
|  32|0x000000008dc00000, 0x000000008dc00000, 0x000000008dd00000|  0%| F|  |TAMS 0x000000008dc00000| PB 0x000000008dc00000| Untracked |  0
|  33|0x000000008dd00000, 0x000000008de00000, 0x000000008de00000|100%| O|  |TAMS 0x000000008dd00000| PB 0x000000008dd00000| Untracked |  0
|  34|0x000000008de00000, 0x000000008de00000, 0x000000008df00000|  0%| F|  |TAMS 0x000000008de00000| PB 0x000000008de00000| Untracked |  0
|  35|0x000000008df00000, 0x000000008e000000, 0x000000008e000000|100%| O|  |TAMS 0x000000008df00000| PB 0x000000008df00000| Untracked |  0
|  36|0x000000008e000000, 0x000000008e100000, 0x000000008e100000|100%| O|  |TAMS 0x000000008e000000| PB 0x000000008e000000| Untracked |  0
|  37|0x000000008e100000, 0x000000008e200000, 0x000000008e200000|100%| O|  |TAMS 0x000000008e100000| PB 0x000000008e100000| Untracked |  0
|  38|0x000000008e200000, 0x000000008e300000, 0x000000008e300000|100%| O|  |TAMS 0x000000008e200000| PB 0x000000008e200000| Untracked |  0
|  39|0x000000008e300000, 0x000000008e400000, 0x000000008e400000|100%| O|  |TAMS 0x000000008e300000| PB 0x000000008e300000| Untracked |  0
|  40|0x000000008e400000, 0x000000008e4252c0, 0x000000008e500000| 14%| O|  |TAMS 0x000000008e400000| PB 0x000000008e400000| Untracked |  0
|  41|0x000000008e500000, 0x000000008e500000, 0x000000008e600000|  0%| F|  |TAMS 0x000000008e500000| PB 0x000000008e500000| Untracked |  0
|  42|0x000000008e600000, 0x000000008e6bff40, 0x000000008e700000| 74%| S|CS|TAMS 0x000000008e600000| PB 0x000000008e600000| Complete |  0
|  43|0x000000008e700000, 0x000000008e800000, 0x000000008e800000|100%| S|CS|TAMS 0x000000008e700000| PB 0x000000008e700000| Complete |  0
|  44|0x000000008e800000, 0x000000008e800000, 0x000000008e900000|  0%| F|  |TAMS 0x000000008e800000| PB 0x000000008e800000| Untracked |  0
|  45|0x000000008e900000, 0x000000008e900000, 0x000000008ea00000|  0%| F|  |TAMS 0x000000008e900000| PB 0x000000008e900000| Untracked |  0
|  46|0x000000008ea00000, 0x000000008ea00000, 0x000000008eb00000|  0%| F|  |TAMS 0x000000008ea00000| PB 0x000000008ea00000| Untracked |  0
|  47|0x000000008eb00000, 0x000000008eb00000, 0x000000008ec00000|  0%| F|  |TAMS 0x000000008eb00000| PB 0x000000008eb00000| Untracked |  0
|  48|0x000000008ec00000, 0x000000008ec00000, 0x000000008ed00000|  0%| F|  |TAMS 0x000000008ec00000| PB 0x000000008ec00000| Untracked |  0
|  49|0x000000008ed00000, 0x000000008ed00000, 0x000000008ee00000|  0%| F|  |TAMS 0x000000008ed00000| PB 0x000000008ed00000| Untracked |  0
|  50|0x000000008ee00000, 0x000000008ee00000, 0x000000008ef00000|  0%| F|  |TAMS 0x000000008ee00000| PB 0x000000008ee00000| Untracked |  0
|  51|0x000000008ef00000, 0x000000008ef00000, 0x000000008f000000|  0%| F|  |TAMS 0x000000008ef00000| PB 0x000000008ef00000| Untracked |  0
|  52|0x000000008f000000, 0x000000008f000000, 0x000000008f100000|  0%| F|  |TAMS 0x000000008f000000| PB 0x000000008f000000| Untracked |  0
|  53|0x000000008f100000, 0x000000008f100000, 0x000000008f200000|  0%| F|  |TAMS 0x000000008f100000| PB 0x000000008f100000| Untracked |  0
|  54|0x000000008f200000, 0x000000008f200000, 0x000000008f300000|  0%| F|  |TAMS 0x000000008f200000| PB 0x000000008f200000| Untracked |  0
|  55|0x000000008f300000, 0x000000008f300000, 0x000000008f400000|  0%| F|  |TAMS 0x000000008f300000| PB 0x000000008f300000| Untracked |  0
|  56|0x000000008f400000, 0x000000008f400000, 0x000000008f500000|  0%| F|  |TAMS 0x000000008f400000| PB 0x000000008f400000| Untracked |  0
|  57|0x000000008f500000, 0x000000008f500000, 0x000000008f600000|  0%| F|  |TAMS 0x000000008f500000| PB 0x000000008f500000| Untracked |  0
| 100|0x0000000092000000, 0x0000000092000000, 0x0000000092100000|  0%| F|  |TAMS 0x0000000092000000| PB 0x0000000092000000| Untracked |  0
| 101|0x0000000092100000, 0x0000000092100000, 0x0000000092200000|  0%| F|  |TAMS 0x0000000092100000| PB 0x0000000092100000| Untracked |  0
| 102|0x0000000092200000, 0x0000000092200000, 0x0000000092300000|  0%| F|  |TAMS 0x0000000092200000| PB 0x0000000092200000| Untracked |  0
| 103|0x0000000092300000, 0x0000000092300000, 0x0000000092400000|  0%| F|  |TAMS 0x0000000092300000| PB 0x0000000092300000| Untracked |  0
| 104|0x0000000092400000, 0x0000000092400000, 0x0000000092500000|  0%| F|  |TAMS 0x0000000092400000| PB 0x0000000092400000| Untracked |  0
| 105|0x0000000092500000, 0x0000000092500000, 0x0000000092600000|  0%| F|  |TAMS 0x0000000092500000| PB 0x0000000092500000| Untracked |  0
| 117|0x0000000093100000, 0x0000000093100000, 0x0000000093200000|  0%| F|  |TAMS 0x0000000093100000| PB 0x0000000093100000| Untracked |  0

Card table byte_map: [0x0000026627aa0000,0x0000026627e50000] _byte_map_base: 0x0000026627642000

Marking Bits: (CMBitMap*) 0x000002661b872fb0
 Bits: [0x0000026627e50000, 0x0000026629b60000)

Polling page: 0x00000266198b0000

Metaspace:

Usage:
  Non-class:     58.57 MB used.
      Class:     10.30 MB used.
       Both:     68.87 MB used.

Virtual space:
  Non-class space:       64.00 MB reserved,      59.00 MB ( 92%) committed,  1 nodes.
      Class space:        1.00 GB reserved,      10.62 MB (  1%) committed,  1 nodes.
             Both:        1.06 GB reserved,      69.62 MB (  6%) committed. 

Chunk freelists:
   Non-Class:  4.73 MB
       Class:  5.41 MB
        Both:  10.14 MB

MaxMetaspaceSize: unlimited
CompressedClassSpaceSize: 1.00 GB
Initial GC threshold: 21.00 MB
Current GC threshold: 114.69 MB
CDS: on
 - commit_granule_bytes: 65536.
 - commit_granule_words: 8192.
 - virtual_space_node_default_size: 8388608.
 - enlarge_chunks_in_place: 1.
 - use_allocation_guard: 0.


Internal statistics:

num_allocs_failed_limit: 6.
num_arena_births: 976.
num_arena_deaths: 52.
num_vsnodes_births: 2.
num_vsnodes_deaths: 0.
num_space_committed: 1114.
num_space_uncommitted: 0.
num_chunks_returned_to_freelist: 65.
num_chunks_taken_from_freelist: 3467.
num_chunk_merges: 22.
num_chunk_splits: 2542.
num_chunks_enlarged: 2012.
num_inconsistent_stats: 0.

CodeCache: size=49152Kb used=12014Kb max_used=12014Kb free=37137Kb
 bounds [0x00000266241a0000, 0x0000026624d60000, 0x00000266271a0000]
 total_blobs=8930, nmethods=8192, adapters=661, full_count=0
Compilation: enabled, stopped_count=0, restarted_count=0

Compilation events (20 events):
Event: 20.521 Thread 0x000002662c7f4e10 8305       1       org.springframework.data.util.TypeDiscoverer::isMap (8 bytes)
Event: 20.521 Thread 0x00000266749a2530 8306       1       org.springframework.data.util.CustomCollections::isMap (8 bytes)
Event: 20.521 Thread 0x000002662c7f4e10 nmethod 8305 0x0000026624d59408 code [0x0000026624d59560, 0x0000026624d59798]
Event: 20.521 Thread 0x000002662c7f4e10 8308       1       java.util.concurrent.atomic.AtomicReference::compareAndSet (10 bytes)
Event: 20.521 Thread 0x00000266749a2530 nmethod 8306 0x0000026624d59808 code [0x0000026624d59940, 0x0000026624d59b20]
Event: 20.521 Thread 0x00000266749a2530 8307       1       org.springframework.data.mapping.context.AbstractMappingContext$PersistentPropertyFilter$PropertyMatch::matches (13 bytes)
Event: 20.521 Thread 0x00000266749a2530 nmethod 8307 0x0000026624d59b88 code [0x0000026624d59ca0, 0x0000026624d59da0]
Event: 20.521 Thread 0x00000266749a2530 8309       1       org.springframework.data.jpa.mapping.JpaPersistentPropertyImpl::isTransient (20 bytes)
Event: 20.521 Thread 0x00000266749a2530 nmethod 8309 0x0000026624d59e88 code [0x0000026624d59fe0, 0x0000026624d5a260]
Event: 20.522 Thread 0x000002662c7f4e10 nmethod 8308 0x0000026624d5a308 code [0x0000026624d5a480, 0x0000026624d5a8f8]
Event: 20.522 Thread 0x00000266749a2530 8310       1       org.springframework.data.mapping.model.AnnotationBasedPersistentProperty::isTransient (14 bytes)
Event: 20.522 Thread 0x000002662c7f4e10 8311       1       java.util.Collections$UnmodifiableCollection::stream (10 bytes)
Event: 20.522 Thread 0x000002662c7f4e10 nmethod 8311 0x0000026624d5a988 code [0x0000026624d5aaa0, 0x0000026624d5ab98]
Event: 20.522 Thread 0x00000266749a2530 nmethod 8310 0x0000026624d5ac88 code [0x0000026624d5adc0, 0x0000026624d5afa0]
Event: 20.522 Thread 0x00000266749a2530 8312       1       jdk.internal.misc.Unsafe::putIntRelease (9 bytes)
Event: 20.522 Thread 0x00000266749a2530 nmethod 8312 0x0000026624d5b008 code [0x0000026624d5b120, 0x0000026624d5b1f0]
Event: 20.523 Thread 0x00000266749a2530 8313       1       org.springframework.data.util.ClassTypeInformation::isMap (5 bytes)
Event: 20.523 Thread 0x00000266749a2530 nmethod 8313 0x0000026624d5b308 code [0x0000026624d5b440, 0x0000026624d5b658]
Event: 20.524 Thread 0x00000266749a2530 8314       1       java.util.Optional::orElseThrow (22 bytes)
Event: 20.524 Thread 0x00000266749a2530 nmethod 8314 0x0000026624d5b708 code [0x0000026624d5b820, 0x0000026624d5b968]

GC Heap History (20 events):
Event: 16.718 GC heap after
{Heap after GC invocations=21 (full 0):
 garbage-first heap   total reserved 1904640K, committed 51200K, used 30293K [0x000000008bc00000, 0x0000000100000000)
  region size 1024K, 2 young (2048K), 2 survivors (2048K)
 Metaspace       used 57269K, committed 57920K, reserved 1114112K
  class space    used 8384K, committed 8640K, reserved 1048576K
}
Event: 17.146 GC heap before
{Heap before GC invocations=21 (full 0):
 garbage-first heap   total reserved 1904640K, committed 51200K, used 45653K [0x000000008bc00000, 0x0000000100000000)
  region size 1024K, 17 young (17408K), 2 survivors (2048K)
 Metaspace       used 59344K, committed 60096K, reserved 1114112K
  class space    used 8713K, committed 9024K, reserved 1048576K
}
Event: 17.151 GC heap after
{Heap after GC invocations=22 (full 0):
 garbage-first heap   total reserved 1904640K, committed 51200K, used 30664K [0x000000008bc00000, 0x0000000100000000)
  region size 1024K, 3 young (3072K), 3 survivors (3072K)
 Metaspace       used 59344K, committed 60096K, reserved 1114112K
  class space    used 8713K, committed 9024K, reserved 1048576K
}
Event: 18.022 GC heap before
{Heap before GC invocations=22 (full 0):
 garbage-first heap   total reserved 1904640K, committed 51200K, used 43976K [0x000000008bc00000, 0x0000000100000000)
  region size 1024K, 16 young (16384K), 3 survivors (3072K)
 Metaspace       used 62004K, committed 62720K, reserved 1114112K
  class space    used 9120K, committed 9408K, reserved 1048576K
}
Event: 18.025 GC heap after
{Heap after GC invocations=23 (full 0):
 garbage-first heap   total reserved 1904640K, committed 51200K, used 31551K [0x000000008bc00000, 0x0000000100000000)
  region size 1024K, 2 young (2048K), 2 survivors (2048K)
 Metaspace       used 62004K, committed 62720K, reserved 1114112K
  class space    used 9120K, committed 9408K, reserved 1048576K
}
Event: 18.305 GC heap before
{Heap before GC invocations=24 (full 0):
 garbage-first heap   total reserved 1904640K, committed 53248K, used 44863K [0x000000008bc00000, 0x0000000100000000)
  region size 1024K, 15 young (15360K), 2 survivors (2048K)
 Metaspace       used 63070K, committed 63744K, reserved 1114112K
  class space    used 9229K, committed 9536K, reserved 1048576K
}
Event: 18.308 GC heap after
{Heap after GC invocations=25 (full 0):
 garbage-first heap   total reserved 1904640K, committed 53248K, used 32314K [0x000000008bc00000, 0x0000000100000000)
  region size 1024K, 2 young (2048K), 2 survivors (2048K)
 Metaspace       used 63070K, committed 63744K, reserved 1114112K
  class space    used 9229K, committed 9536K, reserved 1048576K
}
Event: 19.049 GC heap before
{Heap before GC invocations=25 (full 0):
 garbage-first heap   total reserved 1904640K, committed 53248K, used 46650K [0x000000008bc00000, 0x0000000100000000)
  region size 1024K, 16 young (16384K), 2 survivors (2048K)
 Metaspace       used 65476K, committed 66176K, reserved 1114112K
  class space    used 9680K, committed 9984K, reserved 1048576K
}
Event: 19.054 GC heap after
{Heap after GC invocations=26 (full 0):
 garbage-first heap   total reserved 1904640K, committed 53248K, used 33429K [0x000000008bc00000, 0x0000000100000000)
  region size 1024K, 2 young (2048K), 2 survivors (2048K)
 Metaspace       used 65476K, committed 66176K, reserved 1114112K
  class space    used 9680K, committed 9984K, reserved 1048576K
}
Event: 19.462 GC heap before
{Heap before GC invocations=26 (full 0):
 garbage-first heap   total reserved 1904640K, committed 53248K, used 45717K [0x000000008bc00000, 0x0000000100000000)
  region size 1024K, 15 young (15360K), 2 survivors (2048K)
 Metaspace       used 67305K, committed 68032K, reserved 1114112K
  class space    used 10076K, committed 10368K, reserved 1048576K
}
Event: 19.466 GC heap after
{Heap after GC invocations=27 (full 0):
 garbage-first heap   total reserved 1904640K, committed 53248K, used 35456K [0x000000008bc00000, 0x0000000100000000)
  region size 1024K, 2 young (2048K), 2 survivors (2048K)
 Metaspace       used 67305K, committed 68032K, reserved 1114112K
  class space    used 10076K, committed 10368K, reserved 1048576K
}
Event: 19.562 GC heap before
{Heap before GC invocations=28 (full 0):
 garbage-first heap   total reserved 1904640K, committed 60416K, used 45696K [0x000000008bc00000, 0x0000000100000000)
  region size 1024K, 13 young (13312K), 2 survivors (2048K)
 Metaspace       used 67740K, committed 68480K, reserved 1114112K
  class space    used 10114K, committed 10432K, reserved 1048576K
}
Event: 19.564 GC heap after
{Heap after GC invocations=29 (full 0):
 garbage-first heap   total reserved 1904640K, committed 60416K, used 35615K [0x000000008bc00000, 0x0000000100000000)
  region size 1024K, 1 young (1024K), 1 survivors (1024K)
 Metaspace       used 67740K, committed 68480K, reserved 1114112K
  class space    used 10114K, committed 10432K, reserved 1048576K
}
Event: 19.949 GC heap before
{Heap before GC invocations=29 (full 0):
 garbage-first heap   total reserved 1904640K, committed 60416K, used 54047K [0x000000008bc00000, 0x0000000100000000)
  region size 1024K, 19 young (19456K), 1 survivors (1024K)
 Metaspace       used 69381K, committed 70016K, reserved 1114112K
  class space    used 10373K, committed 10624K, reserved 1048576K
}
Event: 19.952 GC heap after
{Heap after GC invocations=30 (full 0):
 garbage-first heap   total reserved 1904640K, committed 60416K, used 36476K [0x000000008bc00000, 0x0000000100000000)
  region size 1024K, 2 young (2048K), 2 survivors (2048K)
 Metaspace       used 69381K, committed 70016K, reserved 1114112K
  class space    used 10373K, committed 10624K, reserved 1048576K
}
Event: 20.159 GC heap before
{Heap before GC invocations=30 (full 0):
 garbage-first heap   total reserved 1904640K, committed 60416K, used 52860K [0x000000008bc00000, 0x0000000100000000)
  region size 1024K, 18 young (18432K), 2 survivors (2048K)
 Metaspace       used 69765K, committed 70464K, reserved 1114112K
  class space    used 10429K, committed 10688K, reserved 1048576K
}
Event: 20.163 GC heap after
{Heap after GC invocations=31 (full 0):
 garbage-first heap   total reserved 1904640K, committed 60416K, used 39195K [0x000000008bc00000, 0x0000000100000000)
  region size 1024K, 3 young (3072K), 3 survivors (3072K)
 Metaspace       used 69765K, committed 70464K, reserved 1114112K
  class space    used 10429K, committed 10688K, reserved 1048576K
}
Event: 20.201 GC heap before
{Heap before GC invocations=32 (full 0):
 garbage-first heap   total reserved 1904640K, committed 66560K, used 52507K [0x000000008bc00000, 0x0000000100000000)
  region size 1024K, 16 young (16384K), 3 survivors (3072K)
 Metaspace       used 69765K, committed 70464K, reserved 1114112K
  class space    used 10429K, committed 10688K, reserved 1048576K
}
Event: 20.203 GC heap after
{Heap after GC invocations=33 (full 0):
 garbage-first heap   total reserved 1904640K, committed 66560K, used 40031K [0x000000008bc00000, 0x0000000100000000)
  region size 1024K, 1 young (1024K), 1 survivors (1024K)
 Metaspace       used 69765K, committed 70464K, reserved 1114112K
  class space    used 10429K, committed 10688K, reserved 1048576K
}
Event: 20.524 GC heap before
{Heap before GC invocations=33 (full 0):
 garbage-first heap   total reserved 1904640K, committed 66560K, used 60511K [0x000000008bc00000, 0x0000000100000000)
  region size 1024K, 21 young (21504K), 1 survivors (1024K)
 Metaspace       used 70525K, committed 71296K, reserved 1114112K
  class space    used 10549K, committed 10880K, reserved 1048576K
}

Dll operation events (12 events):
Event: 0.027 Loaded shared library C:\Users\maho4\.jdks\corretto-23.0.2\bin\java.dll
Event: 0.329 Loaded shared library C:\Users\maho4\.jdks\corretto-23.0.2\bin\zip.dll
Event: 0.335 Loaded shared library C:\Users\maho4\.jdks\corretto-23.0.2\bin\instrument.dll
Event: 0.342 Loaded shared library C:\Users\maho4\.jdks\corretto-23.0.2\bin\net.dll
Event: 0.346 Loaded shared library C:\Users\maho4\.jdks\corretto-23.0.2\bin\nio.dll
Event: 0.352 Loaded shared library C:\Users\maho4\.jdks\corretto-23.0.2\bin\zip.dll
Event: 0.795 Loaded shared library C:\Users\maho4\.jdks\corretto-23.0.2\bin\jimage.dll
Event: 0.805 Loaded shared library C:\Users\maho4\.jdks\corretto-23.0.2\bin\extnet.dll
Event: 0.969 Loaded shared library C:\Users\maho4\.jdks\corretto-23.0.2\bin\management.dll
Event: 1.024 Loaded shared library C:\Users\maho4\.jdks\corretto-23.0.2\bin\management_ext.dll
Event: 6.352 Loaded shared library C:\Users\maho4\.jdks\corretto-23.0.2\bin\sunmscapi.dll
Event: 12.299 Loaded shared library C:\Users\maho4\.jdks\corretto-23.0.2\bin\verify.dll

Deoptimization events (6 events):
Event: 10.367 Thread 0x00000266729aa210 DEOPT PACKING pc=0x0000026624876dbc sp=0x000000f605ffb620
Event: 10.368 Thread 0x00000266729aa210 DEOPT UNPACKING pc=0x00000266241f84c2 sp=0x000000f605ffabc8 mode 0
Event: 18.511 Thread 0x00000266729aa210 DEOPT PACKING pc=0x0000026624633e14 sp=0x000000f605ffadf0
Event: 18.511 Thread 0x00000266729aa210 DEOPT UNPACKING pc=0x00000266241f84c2 sp=0x000000f605ffa348 mode 0
Event: 19.896 Thread 0x00000266729aa210 DEOPT PACKING pc=0x00000266245e58d1 sp=0x000000f605ffb0d0
Event: 19.896 Thread 0x00000266729aa210 DEOPT UNPACKING pc=0x00000266241f84c2 sp=0x000000f605ffa5d8 mode 3

Classes loaded (20 events):
Event: 20.374 Loading class java/net/URL$1
Event: 20.374 Loading class java/net/URL$1 done
Event: 20.374 Loading class java/net/spi/URLStreamHandlerProvider
Event: 20.375 Loading class java/net/spi/URLStreamHandlerProvider done
Event: 20.375 Loading class sun/net/www/protocol/http/Handler
Event: 20.375 Loading class sun/net/www/protocol/http/Handler done
Event: 20.377 Loading class javax/crypto/JceSecurity$WeakIdentityWrapper
Event: 20.378 Loading class javax/crypto/JceSecurity$WeakIdentityWrapper done
Event: 20.378 Loading class javax/crypto/JceSecurity$2
Event: 20.378 Loading class javax/crypto/JceSecurity$2 done
Event: 20.378 Loading class javax/crypto/JceSecurity$3
Event: 20.378 Loading class javax/crypto/JceSecurity$3 done
Event: 20.378 Loading class javax/crypto/ProviderVerifier
Event: 20.379 Loading class javax/crypto/ProviderVerifier done
Event: 20.379 Loading class com/sun/crypto/provider/PBKDF2Core$HmacSHA256
Event: 20.379 Loading class com/sun/crypto/provider/PBKDF2Core
Event: 20.380 Loading class javax/crypto/SecretKeyFactorySpi
Event: 20.380 Loading class javax/crypto/SecretKeyFactorySpi done
Event: 20.380 Loading class com/sun/crypto/provider/PBKDF2Core done
Event: 20.380 Loading class com/sun/crypto/provider/PBKDF2Core$HmacSHA256 done

Classes unloaded (20 events):
Event: 19.489 Thread 0x000002662c7a04b0 Unloading class 0x000002662e112400 'java/lang/invoke/LambdaForm$MH+0x000002662e112400'
Event: 19.489 Thread 0x000002662c7a04b0 Unloading class 0x000002662e112000 'java/lang/invoke/LambdaForm$MH+0x000002662e112000'
Event: 19.489 Thread 0x000002662c7a04b0 Unloading class 0x000002662e111c00 'java/lang/invoke/LambdaForm$BMH+0x000002662e111c00'
Event: 19.489 Thread 0x000002662c7a04b0 Unloading class 0x000002662e0db800 'java/lang/invoke/LambdaForm$MH+0x000002662e0db800'
Event: 19.489 Thread 0x000002662c7a04b0 Unloading class 0x000002662e0dac00 'java/lang/invoke/LambdaForm$MH+0x000002662e0dac00'
Event: 19.489 Thread 0x000002662c7a04b0 Unloading class 0x000002662e0da800 'java/lang/invoke/LambdaForm$MH+0x000002662e0da800'
Event: 19.489 Thread 0x000002662c7a04b0 Unloading class 0x000002662e0d9c00 'java/lang/invoke/LambdaForm$MH+0x000002662e0d9c00'
Event: 19.489 Thread 0x000002662c7a04b0 Unloading class 0x000002662e0d9800 'java/lang/invoke/LambdaForm$MH+0x000002662e0d9800'
Event: 19.489 Thread 0x000002662c7a04b0 Unloading class 0x000002662e0d8c00 'java/lang/invoke/LambdaForm$MH+0x000002662e0d8c00'
Event: 19.489 Thread 0x000002662c7a04b0 Unloading class 0x000002662e0d7400 'java/lang/invoke/LambdaForm$MH+0x000002662e0d7400'
Event: 19.489 Thread 0x000002662c7a04b0 Unloading class 0x000002662e0d7000 'java/lang/invoke/LambdaForm$MH+0x000002662e0d7000'
Event: 19.489 Thread 0x000002662c7a04b0 Unloading class 0x000002662e0c0c00 'java/lang/invoke/LambdaForm$DMH+0x000002662e0c0c00'
Event: 19.489 Thread 0x000002662c7a04b0 Unloading class 0x000002662e0c0400 'java/lang/invoke/LambdaForm$DMH+0x000002662e0c0400'
Event: 19.489 Thread 0x000002662c7a04b0 Unloading class 0x000002662e00c800 'java/lang/invoke/LambdaForm$DMH+0x000002662e00c800'
Event: 19.489 Thread 0x000002662c7a04b0 Unloading class 0x000002662e00c400 'java/lang/invoke/LambdaForm$DMH+0x000002662e00c400'
Event: 19.489 Thread 0x000002662c7a04b0 Unloading class 0x000002662e007800 'java/lang/invoke/LambdaForm$MH+0x000002662e007800'
Event: 19.489 Thread 0x000002662c7a04b0 Unloading class 0x000002662e002000 'java/lang/invoke/LambdaForm$MH+0x000002662e002000'
Event: 19.489 Thread 0x000002662c7a04b0 Unloading class 0x000002662e001c00 'java/lang/invoke/LambdaForm$MH+0x000002662e001c00'
Event: 19.489 Thread 0x000002662c7a04b0 Unloading class 0x000002662e001800 'java/lang/invoke/LambdaForm$MH+0x000002662e001800'
Event: 19.489 Thread 0x000002662c7a04b0 Unloading class 0x000002662e001000 'java/lang/invoke/LambdaForm$MH+0x000002662e001000'

Classes redefined (0 events):
No events

Internal exceptions (20 events):
Event: 17.203 Thread 0x00000266729aa210 Exception <a 'java/lang/NoSuchMethodError'{0x000000009255cf38}: 'int java.lang.invoke.DirectMethodHandle$Holder.invokeSpecial(java.lang.Object, java.lang.Object, int, java.lang.Object)'> (0x000000009255cf38) 
thrown [s\src\hotspot\share\interpreter\linkResolver.cpp, line 796]
Event: 17.204 Thread 0x00000266729aa210 Exception <a 'java/lang/NoSuchMethodError'{0x0000000092566238}: 'int java.lang.invoke.DirectMethodHandle$Holder.invokeStatic(java.lang.Object, int, java.lang.Object)'> (0x0000000092566238) 
thrown [s\src\hotspot\share\interpreter\linkResolver.cpp, line 796]
Event: 17.206 Thread 0x00000266729aa210 Exception <a 'java/lang/NoSuchMethodError'{0x0000000092582f10}: 'java.lang.Object java.lang.invoke.DirectMethodHandle$Holder.newInvokeSpecial(java.lang.Object, java.lang.Object, java.lang.Object, java.lang.Object, java.lang.Object, int, java.lang.Object)'> (0x0000000092582f10) 
thrown [s\src\hotspot\share\interpreter\linkResolver.cpp, line 796]
Event: 17.211 Thread 0x00000266729aa210 Exception <a 'java/lang/NoSuchMethodError'{0x00000000925b9248}: 'java.lang.Object java.lang.invoke.DirectMethodHandle$Holder.newInvokeSpecial(java.lang.Object, java.lang.Object, java.lang.Object, java.lang.Object, java.lang.Object, java.lang.Object, java.lang.Object, java.lang.Object, java.lang.Object, java.lang.Object, java.lang.Object, java.lang.Object)'> (0x00000000925b9248) 
thrown [s\src\hotspot\share\interpreter\linkResolver.cpp, line 796]
Event: 17.211 Thread 0x00000266729aa210 Exception <a 'java/lang/NoSuchMethodError'{0x00000000925c2a48}: 'java.lang.Object java.lang.invoke.Invokers$Holder.linkToTargetMethod(java.lang.Object, java.lang.Object, java.lang.Object, java.lang.Object, java.lang.Object, java.lang.Object, java.lang.Object, java.lang.Object, java.lang.Object, java.lang.Object, java.lang.Object, java.lang.Object)'> (0x00000000925c2a48) 
thrown [s\src\hotspot\share\interpreter\linkResolver.cpp, line 796]
Event: 17.278 Thread 0x00000266729aa210 Exception <a 'java/lang/IncompatibleClassChangeError'{0x000000009237b0b0}: Found class java.lang.Object, but interface was expected> (0x000000009237b0b0) 
thrown [s\src\hotspot\share\interpreter\linkResolver.cpp, line 863]
Event: 17.295 Thread 0x00000266729aa210 Exception <a 'java/lang/NoSuchMethodError'{0x00000000923fb540}: 'java.lang.Object java.lang.invoke.DirectMethodHandle$Holder.newInvokeSpecial(java.lang.Object, java.lang.Object, int, java.lang.Object, int, java.lang.Object, java.lang.Object)'> (0x00000000923fb540) 
thrown [s\src\hotspot\share\interpreter\linkResolver.cpp, line 796]
Event: 17.305 Thread 0x00000266729aa210 Exception <a 'java/lang/NoSuchMethodError'{0x0000000092247270}: 'java.lang.Object java.lang.invoke.DirectMethodHandle$Holder.newInvokeSpecial(java.lang.Object, java.lang.Object, java.lang.Object, java.lang.Object, java.lang.Object, java.lang.Object, java.lang.Object, int)'> (0x0000000092247270) 
thrown [s\src\hotspot\share\interpreter\linkResolver.cpp, line 796]
Event: 17.305 Thread 0x00000266729aa210 Exception <a 'java/lang/NoSuchMethodError'{0x000000009224c0d8}: 'java.lang.Object java.lang.invoke.DirectMethodHandle$Holder.invokeSpecial(java.lang.Object, java.lang.Object, java.lang.Object, java.lang.Object, java.lang.Object, java.lang.Object, java.lang.Object, java.lang.Object, int)'> (0x000000009224c0d8) 
thrown [s\src\hotspot\share\interpreter\linkResolver.cpp, line 796]
Event: 17.305 Thread 0x00000266729aa210 Exception <a 'java/lang/NoSuchMethodError'{0x0000000092250928}: 'java.lang.Object java.lang.invoke.Invokers$Holder.linkToTargetMethod(java.lang.Object, java.lang.Object, java.lang.Object, java.lang.Object, java.lang.Object, java.lang.Object, int, java.lang.Object)'> (0x0000000092250928) 
thrown [s\src\hotspot\share\interpreter\linkResolver.cpp, line 796]
Event: 17.972 Thread 0x00000266729aa210 Exception <a 'java/lang/NoSuchMethodError'{0x000000008e110140}: 'java.lang.Object java.lang.invoke.DirectMethodHandle$Holder.invokeSpecial(java.lang.Object, java.lang.Object, int, java.lang.Object, int)'> (0x000000008e110140) 
thrown [s\src\hotspot\share\interpreter\linkResolver.cpp, line 796]
Event: 18.163 Thread 0x00000266729aa210 Exception <a 'java/lang/IncompatibleClassChangeError'{0x000000009200c0a0}: Found class java.lang.Object, but interface was expected> (0x000000009200c0a0) 
thrown [s\src\hotspot\share\interpreter\linkResolver.cpp, line 863]
Event: 18.204 Thread 0x00000266729aa210 Exception <a 'java/lang/IncompatibleClassChangeError'{0x000000008e627f48}: Found class java.lang.Object, but interface was expected> (0x000000008e627f48) 
thrown [s\src\hotspot\share\interpreter\linkResolver.cpp, line 863]
Event: 18.274 Thread 0x00000266729aa210 Exception <a 'java/lang/IncompatibleClassChangeError'{0x000000008e4bc598}: Found class java.lang.Object, but interface was expected> (0x000000008e4bc598) 
thrown [s\src\hotspot\share\interpreter\linkResolver.cpp, line 863]
Event: 18.587 Thread 0x00000266729aa210 Exception <a 'java/lang/IncompatibleClassChangeError'{0x000000008e872a70}: Found class java.lang.Object, but interface was expected> (0x000000008e872a70) 
thrown [s\src\hotspot\share\interpreter\linkResolver.cpp, line 863]
Event: 19.799 Thread 0x00000266729aa210 Exception <a 'java/lang/IncompatibleClassChangeError'{0x000000008eb4d350}: Found class java.lang.Object, but interface was expected> (0x000000008eb4d350) 
thrown [s\src\hotspot\share\interpreter\linkResolver.cpp, line 863]
Event: 19.862 Thread 0x00000266729aa210 Exception <a 'java/lang/NoSuchMethodError'{0x000000008ebf4340}: 'java.lang.Object java.lang.invoke.DirectMethodHandle$Holder.invokeStatic(java.lang.Object, int, java.lang.Object)'> (0x000000008ebf4340) 
thrown [s\src\hotspot\share\interpreter\linkResolver.cpp, line 796]
Event: 20.081 Thread 0x00000266729aa210 Exception <a 'java/io/FileNotFoundException'{0x000000009258f8b8}> (0x000000009258f8b8) 
thrown [s\src\hotspot\share\prims\jni.cpp, line 520]
Event: 20.246 Thread 0x00000266729aa210 Exception <a 'java/lang/NoSuchMethodError'{0x0000000092129230}: 'void java.lang.invoke.Invokers$Holder.invokeExact_MT(java.lang.Object, java.lang.Object, int, java.lang.Object)'> (0x0000000092129230) 
thrown [s\src\hotspot\share\interpreter\linkResolver.cpp, line 796]
Event: 20.366 Thread 0x00000266729aa210 Exception <a 'sun/nio/fs/WindowsException'{0x000000008f3ffca0}> (0x000000008f3ffca0) 
thrown [s\src\hotspot\share\prims\jni.cpp, line 520]

VM Operations (20 events):
Event: 19.954 Executing VM operation: HandshakeAllThreads (Deoptimize) done
Event: 20.085 Executing VM operation: HandshakeAllThreads (Deoptimize)
Event: 20.085 Executing VM operation: HandshakeAllThreads (Deoptimize) done
Event: 20.159 Executing VM operation: G1CollectForAllocation (G1 Evacuation Pause)
Event: 20.163 Executing VM operation: G1CollectForAllocation (G1 Evacuation Pause) done
Event: 20.186 Executing VM operation: G1PauseRemark
Event: 20.189 Executing VM operation: G1PauseRemark done
Event: 20.198 Executing VM operation: G1PauseCleanup
Event: 20.198 Executing VM operation: G1PauseCleanup done
Event: 20.201 Executing VM operation: G1CollectForAllocation (G1 Evacuation Pause)
Event: 20.203 Executing VM operation: G1CollectForAllocation (G1 Evacuation Pause) done
Event: 20.263 Executing VM operation: HandshakeAllThreads (Deoptimize)
Event: 20.263 Executing VM operation: HandshakeAllThreads (Deoptimize) done
Event: 20.361 Executing VM operation: HandshakeAllThreads (Deoptimize)
Event: 20.361 Executing VM operation: HandshakeAllThreads (Deoptimize) done
Event: 20.368 Executing VM operation: HandshakeAllThreads (Deoptimize)
Event: 20.368 Executing VM operation: HandshakeAllThreads (Deoptimize) done
Event: 20.377 Executing VM operation: HandshakeAllThreads (Deoptimize)
Event: 20.377 Executing VM operation: HandshakeAllThreads (Deoptimize) done
Event: 20.524 Executing VM operation: G1CollectForAllocation (G1 Evacuation Pause)

Memory protections (0 events):
No events

Nmethod flushes (20 events):
Event: 19.496 Thread 0x000002662c7a04b0 flushing  nmethod 0x00000266248ebd08
Event: 19.496 Thread 0x000002662c7a04b0 flushing  nmethod 0x00000266248ec008
Event: 19.496 Thread 0x000002662c7a04b0 flushing  nmethod 0x00000266249d6608
Event: 20.189 Thread 0x000002662c7a04b0 flushing  nmethod 0x00000266248ee288
Event: 20.189 Thread 0x000002662c7a04b0 flushing  nmethod 0x0000026624500388
Event: 20.189 Thread 0x000002662c7a04b0 flushing  nmethod 0x0000026624633808
Event: 20.189 Thread 0x000002662c7a04b0 flushing  nmethod 0x0000026624900788
Event: 20.189 Thread 0x000002662c7a04b0 flushing  nmethod 0x0000026624cae488
Event: 20.189 Thread 0x000002662c7a04b0 flushing  nmethod 0x00000266244fd088
Event: 20.189 Thread 0x000002662c7a04b0 flushing  nmethod 0x0000026624931708
Event: 20.189 Thread 0x000002662c7a04b0 flushing  nmethod 0x0000026624c96e88
Event: 20.189 Thread 0x000002662c7a04b0 flushing  nmethod 0x00000266248bb108
Event: 20.189 Thread 0x000002662c7a04b0 flushing  nmethod 0x0000026624cb1e88
Event: 20.189 Thread 0x000002662c7a04b0 flushing  nmethod 0x0000026624ca3a08
Event: 20.189 Thread 0x000002662c7a04b0 flushing  nmethod 0x0000026624ca3d08
Event: 20.189 Thread 0x000002662c7a04b0 flushing  nmethod 0x000002662477b688
Event: 20.189 Thread 0x000002662c7a04b0 flushing  nmethod 0x00000266248f4188
Event: 20.189 Thread 0x000002662c7a04b0 flushing  nmethod 0x00000266248f5788
Event: 20.189 Thread 0x000002662c7a04b0 flushing  nmethod 0x00000266249e5208
Event: 20.189 Thread 0x000002662c7a04b0 flushing  nmethod 0x0000026624c90108

Events (20 events):
Event: 16.418 Thread 0x0000026674a05ac0 Thread exited: 0x0000026674a05ac0
Event: 16.920 Thread 0x0000026672b889e0 Thread added: 0x0000026674a08220
Event: 16.981 Thread 0x0000026674a08220 Thread exited: 0x0000026674a08220
Event: 17.481 Thread 0x000002662c7f4e10 Thread added: 0x00000266749a2530
Event: 17.483 Thread 0x0000026672b889e0 Thread added: 0x0000026674a04da0
Event: 17.485 Thread 0x0000026674a04da0 Thread exited: 0x0000026674a04da0
Event: 17.988 Thread 0x0000026672b889e0 Thread added: 0x0000026674a04da0
Event: 17.991 Thread 0x0000026674a04da0 Thread exited: 0x0000026674a04da0
Event: 18.494 Thread 0x0000026672b889e0 Thread added: 0x0000026674a05ac0
Event: 18.498 Thread 0x0000026674a05ac0 Thread exited: 0x0000026674a05ac0
Event: 18.888 Thread 0x0000026674a04710 Thread exited: 0x0000026674a04710
Event: 19.002 Thread 0x0000026672b889e0 Thread added: 0x0000026674a04710
Event: 19.006 Thread 0x0000026674a04710 Thread exited: 0x0000026674a04710
Event: 19.508 Thread 0x0000026672b889e0 Thread added: 0x0000026674a05430
Event: 19.512 Thread 0x0000026674a05430 Thread exited: 0x0000026674a05430
Event: 20.017 Thread 0x0000026672b889e0 Thread added: 0x0000026674a04710
Event: 20.023 Thread 0x0000026674a04710 Thread exited: 0x0000026674a04710
Event: 20.092 Thread 0x00000266729aa210 Thread added: 0x0000026674a04710
Event: 20.094 Thread 0x0000026674a04710 Thread added: 0x0000026674a088b0
Event: 20.100 Thread 0x00000266729aa210 Thread added: 0x0000026674a067e0


Dynamic libraries:
0x00007ff714f50000 - 0x00007ff714f5e000 	C:\Users\maho4\.jdks\corretto-23.0.2\bin\java.exe
0x00007ffe96ca0000 - 0x00007ffe96f07000 	C:\windows\SYSTEM32\ntdll.dll
0x00007ffe953e0000 - 0x00007ffe954a9000 	C:\windows\System32\KERNEL32.DLL
0x00007ffe944b0000 - 0x00007ffe948a7000 	C:\windows\System32\KERNELBASE.dll
0x00007ffe941f0000 - 0x00007ffe9433b000 	C:\windows\System32\ucrtbase.dll
0x00007ffe69da0000 - 0x00007ffe69db7000 	C:\Users\maho4\.jdks\corretto-23.0.2\bin\jli.dll
0x00007ffe68fb0000 - 0x00007ffe68fcb000 	C:\Users\maho4\.jdks\corretto-23.0.2\bin\VCRUNTIME140.dll
0x00007ffe95210000 - 0x00007ffe953d6000 	C:\windows\System32\USER32.dll
0x00007ffe94340000 - 0x00007ffe94367000 	C:\windows\System32\win32u.dll
0x00007ffe928d0000 - 0x00007ffe92b62000 	C:\windows\WinSxS\amd64_microsoft.windows.common-controls_6595b64144ccf1df_6.0.26100.8457_none_3e0b2faee331e92d\COMCTL32.dll
0x00007ffe94c50000 - 0x00007ffe94c7b000 	C:\windows\System32\GDI32.dll
0x00007ffe94d10000 - 0x00007ffe94db9000 	C:\windows\System32\msvcrt.dll
0x00007ffe940c0000 - 0x00007ffe941ec000 	C:\windows\System32\gdi32full.dll
0x00007ffe948b0000 - 0x00007ffe94953000 	C:\windows\System32\msvcp_win.dll
0x00007ffe94a20000 - 0x00007ffe94a52000 	C:\windows\System32\IMM32.DLL
0x00007ffe69ae0000 - 0x00007ffe69aec000 	C:\Users\maho4\.jdks\corretto-23.0.2\bin\vcruntime140_1.dll
0x00007ffe17c40000 - 0x00007ffe17ccd000 	C:\Users\maho4\.jdks\corretto-23.0.2\bin\msvcp140.dll
0x00007ffdbcb10000 - 0x00007ffdbd8e8000 	C:\Users\maho4\.jdks\corretto-23.0.2\bin\server\jvm.dll
0x00007ffe94b90000 - 0x00007ffe94c46000 	C:\windows\System32\ADVAPI32.dll
0x00007ffe94ae0000 - 0x00007ffe94b87000 	C:\windows\System32\sechost.dll
0x00007ffe950f0000 - 0x00007ffe95208000 	C:\windows\System32\RPCRT4.dll
0x00007ffe94c80000 - 0x00007ffe94d00000 	C:\windows\System32\WS2_32.dll
0x00007ffe93550000 - 0x00007ffe935ae000 	C:\windows\SYSTEM32\POWRPROF.dll
0x00007ffe87df0000 - 0x00007ffe87e26000 	C:\windows\SYSTEM32\WINMM.dll
0x00007ffe8a800000 - 0x00007ffe8a80b000 	C:\windows\SYSTEM32\VERSION.dll
0x00007ffe93530000 - 0x00007ffe93544000 	C:\windows\SYSTEM32\UMPDC.dll
0x00007ffe91b30000 - 0x00007ffe91b4b000 	C:\windows\SYSTEM32\kernel.appcore.dll
0x00007ffe620c0000 - 0x00007ffe620ca000 	C:\Users\maho4\.jdks\corretto-23.0.2\bin\jimage.dll
0x00007ffe92ea0000 - 0x00007ffe930e2000 	C:\windows\SYSTEM32\DBGHELP.DLL
0x00007ffe96620000 - 0x00007ffe969a3000 	C:\windows\System32\combase.dll
0x00007ffe964e0000 - 0x00007ffe965b9000 	C:\windows\System32\OLEAUT32.dll
0x00007ffe92d70000 - 0x00007ffe92dab000 	C:\windows\SYSTEM32\dbgcore.DLL
0x00007ffe94370000 - 0x00007ffe94418000 	C:\windows\System32\bcryptPrimitives.dll
0x00007ffe4f920000 - 0x00007ffe4f92e000 	C:\Users\maho4\.jdks\corretto-23.0.2\bin\instrument.dll
0x00007ffe5dab0000 - 0x00007ffe5dace000 	C:\Users\maho4\.jdks\corretto-23.0.2\bin\java.dll
0x00007ffe956f0000 - 0x00007ffe95887000 	C:\windows\System32\ole32.dll
0x00007ffe95d60000 - 0x00007ffe964ce000 	C:\windows\System32\SHELL32.dll
0x00007ffe936d0000 - 0x00007ffe93f3c000 	C:\windows\System32\windows.storage.dll
0x00007ffe94dc0000 - 0x00007ffe94eb6000 	C:\windows\System32\SHCORE.dll
0x00007ffe95070000 - 0x00007ffe950d6000 	C:\windows\System32\shlwapi.dll
0x00007ffe935f0000 - 0x00007ffe93619000 	C:\windows\SYSTEM32\profapi.dll
0x00007ffe36170000 - 0x00007ffe36187000 	C:\Users\maho4\.jdks\corretto-23.0.2\bin\zip.dll
0x00007ffe620b0000 - 0x00007ffe620c0000 	C:\Users\maho4\.jdks\corretto-23.0.2\bin\net.dll
0x00007ffe92060000 - 0x00007ffe920cc000 	C:\windows\system32\mswsock.dll
0x00007ffe37920000 - 0x00007ffe37936000 	C:\Users\maho4\.jdks\corretto-23.0.2\bin\nio.dll
0x00007ffe3ea10000 - 0x00007ffe3ea19000 	C:\Users\maho4\.jdks\corretto-23.0.2\bin\extnet.dll
0x00007ffe915c0000 - 0x00007ffe916f2000 	C:\windows\SYSTEM32\DNSAPI.dll
0x00007ffe91530000 - 0x00007ffe91562000 	C:\windows\SYSTEM32\IPHLPAPI.DLL
0x00007ffe950e0000 - 0x00007ffe950ea000 	C:\windows\System32\NSI.dll
0x00007ffe8b890000 - 0x00007ffe8b89b000 	C:\Windows\System32\rasadhlp.dll
0x00007ffe8c9c0000 - 0x00007ffe8ca46000 	C:\windows\System32\fwpuclnt.dll
0x00007ffe37910000 - 0x00007ffe37919000 	C:\Users\maho4\.jdks\corretto-23.0.2\bin\management.dll
0x00007ffe36140000 - 0x00007ffe3614b000 	C:\Users\maho4\.jdks\corretto-23.0.2\bin\management_ext.dll
0x00007ffe94ec0000 - 0x00007ffe94ec8000 	C:\windows\System32\PSAPI.DLL
0x00007ffe931f0000 - 0x00007ffe9320b000 	C:\windows\SYSTEM32\CRYPTSP.dll
0x00007ffe921d0000 - 0x00007ffe92209000 	C:\windows\system32\rsaenh.dll
0x00007ffe920d0000 - 0x00007ffe92103000 	C:\windows\SYSTEM32\USERENV.dll
0x00007ffe935c0000 - 0x00007ffe935ea000 	C:\windows\SYSTEM32\bcrypt.dll
0x00007ffe92380000 - 0x00007ffe9238c000 	C:\windows\SYSTEM32\CRYPTBASE.dll
0x00007ffe68f50000 - 0x00007ffe68f68000 	C:\windows\system32\napinsp.dll
0x00007ffe68780000 - 0x00007ffe68793000 	C:\windows\System32\winrnr.dll
0x00007ffe686a0000 - 0x00007ffe686c2000 	C:\windows\system32\nlansp_c.dll
0x00007ffe8a7c0000 - 0x00007ffe8a7d6000 	C:\windows\system32\wshbth.dll
0x00007ffe8feb0000 - 0x00007ffe8ff06000 	C:\windows\SYSTEM32\pdh.dll
0x00007ffe13b40000 - 0x00007ffe13b52000 	C:\windows\System32\perfproc.dll
0x00007ffe37c20000 - 0x00007ffe37c2e000 	C:\Users\maho4\.jdks\corretto-23.0.2\bin\sunmscapi.dll
0x00007ffe93f40000 - 0x00007ffe940b8000 	C:\windows\System32\CRYPT32.dll
0x00007ffe92790000 - 0x00007ffe927c0000 	C:\windows\SYSTEM32\ncrypt.dll
0x00007ffe92680000 - 0x00007ffe926bf000 	C:\windows\SYSTEM32\NTASN1.dll
0x00007ffe7a960000 - 0x00007ffe7a971000 	C:\windows\System32\perfos.dll
0x00007ffe910a0000 - 0x00007ffe910b2000 	C:\windows\SYSTEM32\pfclient.dll
0x00007ffe36150000 - 0x00007ffe36160000 	C:\Users\maho4\.jdks\corretto-23.0.2\bin\verify.dll

dbghelp: loaded successfully - version: 4.0.5 - missing functions: none
symbol engine: initialized successfully - sym options: 0x614 - pdb path: .;C:\Users\maho4\.jdks\corretto-23.0.2\bin;C:\windows\SYSTEM32;C:\windows\WinSxS\amd64_microsoft.windows.common-controls_6595b64144ccf1df_6.0.26100.8457_none_3e0b2faee331e92d;C:\Users\maho4\.jdks\corretto-23.0.2\bin\server

VM Arguments:
jvm_args: -XX:TieredStopAtLevel=1 -Dspring.output.ansi.enabled=always -Dcom.sun.management.jmxremote -Dspring.jmx.enabled=true -Dspring.liveBeansView.mbeanDomain -Dspring.application.admin.enabled=true -Dmanagement.endpoints.jmx.exposure.include=* -javaagent:C:\Program Files\JetBrains\IntelliJ IDEA 2025.2\lib\idea_rt.jar=61054 -Dfile.encoding=UTF-8 -Dsun.stdout.encoding=UTF-8 -Dsun.stderr.encoding=UTF-8 
java_command: co.edu.cue.practicas.PracticasEmpresarialesApplication
java_class_path (initial): C:\Users\maho4\OneDrive\Escritorio\ProyectoNuclearPracticas\target\classes;C:\Users\maho4\.m2\repository\org\springframework\boot\spring-boot-starter-web\3.3.6\spring-boot-starter-web-3.3.6.jar;C:\Users\maho4\.m2\repository\org\springframework\boot\spring-boot-starter\3.3.6\spring-boot-starter-3.3.6.jar;C:\Users\maho4\.m2\repository\org\springframework\boot\spring-boot-starter-logging\3.3.6\spring-boot-starter-logging-3.3.6.jar;C:\Users\maho4\.m2\repository\ch\qos\logback\logback-classic\1.5.12\logback-classic-1.5.12.jar;C:\Users\maho4\.m2\repository\ch\qos\logback\logback-core\1.5.12\logback-core-1.5.12.jar;C:\Users\maho4\.m2\repository\org\apache\logging\log4j\log4j-to-slf4j\2.23.1\log4j-to-slf4j-2.23.1.jar;C:\Users\maho4\.m2\repository\org\apache\logging\log4j\log4j-api\2.23.1\log4j-api-2.23.1.jar;C:\Users\maho4\.m2\repository\org\slf4j\jul-to-slf4j\2.0.16\jul-to-slf4j-2.0.16.jar;C:\Users\maho4\.m2\repository\jakarta\annotation\jakarta.annotation-api\2.1.1\jakarta.annotation-api-2.1.1.jar;C:\Users\maho4\.m2\repository\org\yaml\snakeyaml\2.2\snakeyaml-2.2.jar;C:\Users\maho4\.m2\repository\org\springframework\boot\spring-boot-starter-json\3.3.6\spring-boot-starter-json-3.3.6.jar;C:\Users\maho4\.m2\repository\com\fasterxml\jackson\datatype\jackson-datatype-jdk8\2.17.3\jackson-datatype-jdk8-2.17.3.jar;C:\Users\maho4\.m2\repository\com\fasterxml\jackson\datatype\jackson-datatype-jsr310\2.17.3\jackson-datatype-jsr310-2.17.3.jar;C:\Users\maho4\.m2\repository\com\fasterxml\jackson\module\jackson-module-parameter-names\2.17.3\jackson-module-parameter-names-2.17.3.jar;C:\Users\maho4\.m2\repository\org\springframework\boot\spring-boot-starter-tomcat\3.3.6\spring-boot-starter-tomcat-3.3.6.jar;C:\Users\maho4\.m2\repository\org\apache\tomcat\embed\tomcat-embed-core\10.1.33\tomcat-embed-core-10.1.33.jar;C:\Users\maho4\.m2\repository\org\apache\tomcat\embed\tomcat-embed-websocket\10.1.33\tomcat-embed-websocket-10.1.33.jar;C:\Users\maho4\.m2\repository\org\springframework\spring-web\6.1.15\spring-web-6.1.15.jar;C:\Users\maho4\.m2\repository\org\springframework\spring-beans\6.1.15\spring-beans-6.1.15.jar;C:\Users\maho4\.m2\repository\io\micrometer\micrometer-observation\1.13.8\micrometer-observation-1.13.8.jar;C:\Users\maho4\.m2\repository\io\micrometer\micrometer-commons\1.13.8\micrometer-commons-1.13.8.jar;C:\Users\maho4\.m2\repository\org\springframework\spring-webmvc\6.1.15\spring-webmvc-6.1.15.jar;C:\Users\maho4\.m2\repository\org\springframework\spring-context\6.1.15\spring-context-6.1.15.jar;C:\Users\maho4\.m2\repository\org\springframework\spring-expression\6.1.15\spring-expression-6.1.15.jar;C:\Users\maho4\.m2\repository\org\springframework\boot\spring-boot-starter-security\3.3.6\spring-boot-starter-security-3.3.6.jar;C:\Users\maho4\.m2\repository\org\springframework\spring-aop\6.1.15\spring-aop-6.1.15.jar;C:\Users\maho4\.m2\repository\org\springframework\security\spring-security-config\6.3.5\spring-security-config-6.3.5.jar;C:\Users\maho4\.m2\repository\org\springframework\security\spring-security-web\6.3.5\spring-security-web-6.3.5.jar;C:\Users\maho4\.m2\repository\org\springframework\boot\spring-boot-starter-data-jpa\3.3.6\spring-boot-starter-data-jpa-3.3.6.jar;C:\Users\maho4\.m2\repository\org\springframework\boot\spring-boot-starter-jdbc\3.3.6\spring-boot-starter-jdbc-3.3.6.jar;C:\Users\maho4\.m2\repository\com\zaxxer\HikariCP\5.1.0\HikariCP-5.1.0.jar;C:\Users\maho4\.m2\repository\org\springframework\spring-jdbc\6.1.15\spring-jdbc-6.1.15.jar;C:\Users\maho4\.m2\repository\org\hibernate\orm\hibernate-core\6.5.3.Final\hibernate-core-6.5.3.Final.jar;C:\Users\maho4\.m2\repository\jakarta\persistence\jakarta.persistence-api\3.1.0\jakarta.persistence-api-3.1.0.jar;C:\Users\maho4\.m2\repository\jakarta\transaction\jakarta.transaction-api\2.0.1\jakarta.transaction-api-2.0.1.jar;C:\Users\maho4\.m2\repository\org\jboss\logging\jboss-logging\3.5.3.Final\jboss-logging-3.5.3.Final.jar;C:\Users\maho4\.m2\repository\org\hibernate\common\hibernate-commons-annotations\6.0.6.Final\hibernate-commons-annotations-6.0.6.Final.jar;C:\Users\maho4\.m2\repository\io\smallrye\jandex\3.1.2\jandex-3.1.2.jar;C:\Users\maho4\.m2\repository\com\fasterxml\classmate\1.7.0\classmate-1.7.0.jar;C:\Users\maho4\.m2\repository\net\bytebuddy\byte-buddy\1.14.19\byte-buddy-1.14.19.jar;C:\Users\maho4\.m2\repository\org\glassfish\jaxb\jaxb-runtime\4.0.5\jaxb-runtime-4.0.5.jar;C:\Users\maho4\.m2\repository\org\glassfish\jaxb\jaxb-core\4.0.5\jaxb-core-4.0.5.jar;C:\Users\maho4\.m2\repository\org\glassfish\jaxb\txw2\4.0.5\txw2-4.0.5.jar;C:\Users\maho4\.m2\repository\com\sun\istack\istack-commons-runtime\4.1.2\istack-commons-runtime-4.1.2.jar;C:\Users\maho4\.m2\repository\jakarta\inject\jakarta.inject-api\2.0.1\jakarta.inject-api-2.0.1.jar;C:\Users\maho4\.m2\repository\org\antlr\antlr4-runtime\4.13.0\antlr4-runtime-4.13.0.jar;C:\Users\maho4\.m2\repository\org\springframework\data\spring-data-jpa\3.3.6\spring-data-jpa-3.3.6.jar;C:\Users\maho4\.m2\repository\org\springframework\data\spring-data-commons\3.3.6\spring-data-commons-3.3.6.jar;C:\Users\maho4\.m2\repository\org\springframework\spring-orm\6.1.15\spring-orm-6.1.15.jar;C:\Users\maho4\.m2\repository\org\springframework\spring-tx\6.1.15\spring-tx-6.1.15.jar;C:\Users\maho4\.m2\repository\org\slf4j\slf4j-api\2.0.16\slf4j-api-2.0.16.jar;C:\Users\maho4\.m2\repository\org\springframework\spring-aspects\6.1.15\spring-aspects-6.1.15.jar;C:\Users\maho4\.m2\repository\org\springframework\boot\spring-boot-starter-validation\3.3.6\spring-boot-starter-validation-3.3.6.jar;C:\Users\maho4\.m2\repository\org\apache\tomcat\embed\tomcat-embed-el\10.1.33\tomcat-embed-el-10.1.33.jar;C:\Users\maho4\.m2\repository\org\hibernate\validator\hibernate-validator\8.0.1.Final\hibernate-validator-8.0.1.Final.jar;C:\Users\maho4\.m2\repository\jakarta\validation\jakarta.validation-api\3.0.2\jakarta.validation-api-3.0.2.jar;C:\Users\maho4\.m2\repository\org\springframework\boot\spring-boot-starter-mail\3.3.6\spring-boot-starter-mail-3.3.6.jar;C:\Users\maho4\.m2\repository\org\springframework\spring-context-support\6.1.15\spring-context-support-6.1.15.jar;C:\Users\maho4\.m2\repository\org\eclipse\angus\jakarta.mail\2.0.3\jakarta.mail-2.0.3.jar;C:\Users\maho4\.m2\repository\jakarta\activation\jakarta.activation-api\2.1.3\jakarta.activation-api-2.1.3.jar;C:\Users\maho4\.m2\repository\org\eclipse\angus\angus-activation\2.0.2\angus-activation-2.0.2.jar;C:\Users\maho4\.m2\repository\org\springframework\boot\spring-boot-starter-aop\3.3.6\spring-boot-starter-aop-3.3.6.jar;C:\Users\maho4\.m2\repository\org\aspectj\aspectjweaver\1.9.22.1\aspectjweaver-1.9.22.1.jar;C:\Users\maho4\.m2\repository\io\jsonwebtoken\jjwt-api\0.12.3\jjwt-api-0.12.3.jar;C:\Users\maho4\.m2\repository\io\jsonwebtoken\jjwt-impl\0.12.3\jjwt-impl-0.12.3.jar;C:\Users\maho4\.m2\repository\io\jsonwebtoken\jjwt-jackson\0.12.3\jjwt-jackson-0.12.3.jar;C:\Users\maho4\.m2\repository\com\fasterxml\jackson\core\jackson-databind\2.17.3\jackson-databind-2.17.3.jar;C:\Users\maho4\.m2\repository\com\fasterxml\jackson\core\jackson-annotations\2.17.3\jackson-annotations-2.17.3.jar;C:\Users\maho4\.m2\repository\com\fasterxml\jackson\core\jackson-core\2.17.3\jackson-core-2.17.3.jar;C:\Users\maho4\.m2\repository\org\projectlombok\lombok\1.18.36\lombok-1.18.36.jar;C:\Users\maho4\.m2\repository\com\h2database\h2\2.2.224\h2-2.2.224.jar;C:\Users\maho4\.m2\repository\com\mysql\mysql-connector-j\8.3.0\mysql-connector-j-8.3.0.jar;C:\Users\maho4\.m2\repository\org\springframework\boot\spring-boot-devtools\3.3.6\spring-boot-devtools-3.3.6.jar;C:\Users\maho4\.m2\repository\org\springframework\boot\spring-boot\3.3.6\spring-boot-3.3.6.jar;C:\Users\maho4\.m2\repository\org\springframework\boot\spring-boot-autoconfigure\3.3.6\spring-boot-autoconfigure-3.3.6.jar;C:\Users\maho4\.m2\repository\jakarta\xml\bind\jakarta.xml.bind-api\4.0.2\jakarta.xml.bind-api-4.0.2.jar;C:\Users\maho4\.m2\repository\org\springframework\spring-core\6.1.15\spring-core-6.1.15.jar;C:\Users\maho4\.m2\repository\org\springframework\spring-jcl\6.1.15\spring-jcl-6.1.15.jar;C:\Users\maho4\.m2\repository\org\springframework\security\spring-security-core\6.3.5\spring-security-core-6.3.5.jar;C:\Users\maho4\.m2\repository\org\springframework\security\spring-security-crypto\6.3.5\spring-security-crypto-6.3.5.jar
Launcher Type: SUN_STANDARD

[Global flags]
     intx CICompilerCount                          = 4                                         {product} {ergonomic}
     uint ConcGCThreads                            = 3                                         {product} {ergonomic}
     uint G1ConcRefinementThreads                  = 10                                        {product} {ergonomic}
   size_t G1HeapRegionSize                         = 1048576                                   {product} {ergonomic}
   size_t InitialHeapSize                          = 123731968                                 {product} {ergonomic}
     bool ManagementServer                         = true                                      {product} {command line}
   size_t MarkStackSize                            = 4194304                                   {product} {ergonomic}
   size_t MarkStackSizeMax                         = 536870912                                 {product} {ergonomic}
   size_t MaxHeapSize                              = 1950351360                                {product} {ergonomic}
   size_t MaxNewSize                               = 1170210816                                {product} {ergonomic}
   size_t MinHeapDeltaBytes                        = 1048576                                   {product} {ergonomic}
   size_t MinHeapSize                              = 8388608                                   {product} {ergonomic}
    uintx NonNMethodCodeHeapSize                   = 4096                                   {pd product} {ergonomic}
    uintx NonProfiledCodeHeapSize                  = 0                                      {pd product} {ergonomic}
     bool ProfileInterpreter                       = false                                  {pd product} {command line}
    uintx ProfiledCodeHeapSize                     = 0                                      {pd product} {ergonomic}
   size_t SoftMaxHeapSize                          = 1950351360                             {manageable} {ergonomic}
     intx TieredStopAtLevel                        = 1                                         {product} {command line}
     bool UseCompressedOops                        = true                           {product lp64_product} {ergonomic}
     bool UseG1GC                                  = true                                      {product} {ergonomic}
     bool UseLargePagesIndividualAllocation        = false                                  {pd product} {ergonomic}

Logging:
Log output configuration:
 #0: stdout all=warning uptime,level,tags foldmultilines=false
 #1: stderr all=off uptime,level,tags foldmultilines=false

Environment Variables:
PATH=C:\windows\system32;C:\windows;C:\windows\System32\Wbem;C:\windows\System32\WindowsPowerShell\v1.0\;C:\windows\System32\OpenSSH\;C:\Program Files (x86)\NVIDIA Corporation\PhysX\Common;C:\Users\Administrator\AppData\Local\Microsoft\WindowsApps;C:\Program Files\HP\OMEN-Broadcast\Common;C:\Program Files\nodejs\;C:\Program Files\Git\cmd;C:\Program Files\NVIDIA Corporation\NVIDIA App\NvDLISR;C:\windows\system32;C:\windows;C:\windows\System32\Wbem;C:\windows\System32\WindowsPowerShell\v1.0\;C:\windows\System32\OpenSSH\;C:\Program Files (x86)\NVIDIA Corporation\PhysX\Common;C:\Users\Administrator\AppData\Local\Microsoft\WindowsApps;C:\Program Files\HP\OMEN-Broadcast\Common;C:\Program Files\nodejs\;C:\Program Files\Git\cmd;C:\Program Files\Docker\Docker\resources\bin;C:\Program Files\NVIDIA Corporation\NVIDIA App\NvDLISR;C:\Users\maho4\AppData\Local\Programs\Python\Launcher\;C:\Users\maho4\AppData\Local\Microsoft\WindowsApps;C:\Program Files\JetBrains\PyCharm 2025.1.3.1\bin;C:\Program Files\JetBrains\IntelliJ IDEA 2025.2\bin;C:\Users\maho4\AppData\Local\Programs\Microsoft VS Code\bin;C:\Users\maho4\AppData\Roaming\npm;C:\Users\maho4\.fly\bin;C:\xampp\php;C:\ProgramData\ComposerSetup\bin;C:\Users\maho4\AppData\Roaming\Composer\vendor\bin;C:\ProgramData\ComposerSetup\bin;C:\Program Files\MySQL\MySQL Server 8.4\bin;C:\windows\system32;C:\windows;C:\windows\System32\Wbem;C:\windows\System32\WindowsPowerShell\v1.0\;C:\windows\System32\OpenSSH\;C:\Program Files (x86)\NVIDIA Corporation\PhysX\Common;C:\Users\Administrator\AppData\Local\Microsoft\WindowsApps;C:\Program Files\HP\OMEN-Broadcast\Common;C:\Program Files\HP\HP One Agent;C:\Program Files\nodejs\;C:\Program Files\Git\cmd;C:\Program Files\Docker\Docker\resources\bin;C:\Program Files\NVIDIA Corporation\NVIDIA App\NvDLISR;C:\Users\maho4\AppData\Local\Programs\Python\Launcher\;C:\Users\maho4\AppData\Local\Microsoft\WindowsApps;;C:\Program Files\JetBrains\PyCharm 2025.1.3.1\bin;;C:\Program Files\JetBrains\IntelliJ IDEA 2025.2\bin;C:\Users\maho4\AppData\Local\Programs\Microsoft VS Code\bin;C:\Users\maho4\AppData\Roaming\npm;C:\Users\maho4\.fly\bin;C:\Users\maho4\AppData\Roaming\Composer\vendor\bin;C:\Program Files\JetBrains\PhpStorm 2025.3.2\bin
USERNAME=maho4
OS=Windows_NT
PROCESSOR_IDENTIFIER=AMD64 Family 25 Model 117 Stepping 2, AuthenticAMD
TMP=C:\Users\maho4\AppData\Local\Temp
TEMP=C:\Users\maho4\AppData\Local\Temp




Periodic native trim disabled

---------------  S Y S T E M  ---------------

OS:
 Windows 11 , 64 bit Build 26100 (10.0.26100.8328)
OS uptime: 1 days 3:27 hours
Hyper-V role detected

CPU: total 12 (initial active 12) (12 cores per cpu, 2 threads per core) family 25 model 117 stepping 2 microcode 0xa70520a, cx8, cmov, fxsr, ht, mmx, 3dnowpref, sse, sse2, sse3, ssse3, sse4a, sse4.1, sse4.2, popcnt, lzcnt, tsc, tscinvbit, avx, avx2, aes, erms, clmul, bmi1, bmi2, adx, avx512f, avx512dq, avx512cd, avx512bw, avx512vl, sha, fma, vzeroupper, avx512_vpopcntdq, avx512_vpclmulqdq, avx512_vaes, avx512_vnni, clflush, clflushopt, avx512_vbmi2, avx512_vbmi, hv, rdtscp, rdpid, fsrm, gfni, avx512_bitalg, f16c, cet_ss, avx512_ifma
Processor Information for the first 12 processors :
  Max Mhz: 4301, Current Mhz: 2483, Mhz Limit: 4301

Memory: 4k page, system-wide physical 7439M (282M free)
TotalPageFile size 29967M (AvailPageFile size 42M)
current process WorkingSet (physical memory assigned to process): 222M, peak: 222M
current process commit charge ("private bytes"): 286M, peak: 328M

vm_info: OpenJDK 64-Bit Server VM (23.0.2+7-FR) for windows-amd64 JRE (23.0.2+7-FR), built on 2025-01-07T22:59:58Z with MS VC++ 16.10 / 16.11 (VS2019)

END.
